<?xml version="1.0" encoding="UTF-8"?>
<robot generator="Robot 3.2.2 (Python 3.7.4 on win32)" generated="20201014 17:09:44.990" rpa="false">
<suite id="s1" name="Test-Case" source="D:\automationpractice\Test\Funcional\test-case">
<suite id="s1-s1" name="Cadastro usuario" source="D:\automationpractice\Test\Funcional\test-case\Cadastro_usuario.robot">
<test id="s1-s1-t1" name="Cenario 2: Acessar formulario para novo cadastro">
<kw name="Abrir navegador" library="resource" type="setup">
<kw name="Open Browser" library="SeleniumLibrary">
<doc>Opens a new browser instance to the optional ``url``.</doc>
<arguments>
<arg>url:${URL}</arg>
<arg>${BROWSER}</arg>
</arguments>
<msg timestamp="20201014 17:09:45.551" level="INFO">Opening browser 'chrome' to base url 'url:http://automationpractice.com/'.</msg>
<status status="PASS" starttime="20201014 17:09:45.551" endtime="20201014 17:09:49.104"></status>
</kw>
<status status="PASS" starttime="20201014 17:09:45.551" endtime="20201014 17:09:49.105"></status>
</kw>
<kw name="Dado que estou na pagina de autenticação" library="autenticacao">
<kw name="Dado que estão na pagina HOME" library="home">
<kw name="Go To" library="SeleniumLibrary">
<doc>Navigates the current browser window to the provided ``url``.</doc>
<arguments>
<arg>${HOME_URL}</arg>
</arguments>
<msg timestamp="20201014 17:09:49.107" level="INFO">Opening url 'http://automationpractice.com/'</msg>
<status status="PASS" starttime="20201014 17:09:49.107" endtime="20201014 17:09:55.382"></status>
</kw>
<kw name="Set Selenium Implicit Wait" library="SeleniumLibrary">
<doc>Sets the implicit wait value used by Selenium.</doc>
<arguments>
<arg>5</arg>
</arguments>
<status status="PASS" starttime="20201014 17:09:55.382" endtime="20201014 17:09:55.385"></status>
</kw>
<kw name="Title Should Be" library="SeleniumLibrary">
<doc>Verifies that the current page title equals ``title``.</doc>
<arguments>
<arg>${HOME_TITLE_TEXT}</arg>
</arguments>
<msg timestamp="20201014 17:09:55.393" level="INFO">Page title is 'My Store'.</msg>
<status status="PASS" starttime="20201014 17:09:55.385" endtime="20201014 17:09:55.393"></status>
</kw>
<status status="PASS" starttime="20201014 17:09:49.106" endtime="20201014 17:09:55.394"></status>
</kw>
<kw name="Quando seleciono Sign-in" library="home">
<kw name="Click Element" library="SeleniumLibrary">
<doc>Click the element identified by ``locator``.</doc>
<arguments>
<arg>${HOME_BUTTON_SIGIN}</arg>
</arguments>
<msg timestamp="20201014 17:09:55.394" level="INFO">Clicking element 'xpath=//a[@class="login"]'.</msg>
<status status="PASS" starttime="20201014 17:09:55.394" endtime="20201014 17:09:56.436"></status>
</kw>
<kw name="Set Selenium Implicit Wait" library="SeleniumLibrary">
<doc>Sets the implicit wait value used by Selenium.</doc>
<arguments>
<arg>5</arg>
</arguments>
<status status="PASS" starttime="20201014 17:09:56.436" endtime="20201014 17:09:56.439"></status>
</kw>
<status status="PASS" starttime="20201014 17:09:55.394" endtime="20201014 17:09:56.439"></status>
</kw>
<kw name="Entao e apresentada tela de autenticacao" library="autenticacao">
<kw name="Element Should Contain" library="SeleniumLibrary">
<doc>Verifies that element ``locator`` contains text ``expected``.</doc>
<arguments>
<arg>${AUTENTICACAO_PAGE_HEAD}</arg>
<arg>AUTHENTICATION</arg>
</arguments>
<msg timestamp="20201014 17:09:57.001" level="INFO">Element 'xpath=//*[@class="page-heading"]' contains text 'AUTHENTICATION'.</msg>
<status status="PASS" starttime="20201014 17:09:56.440" endtime="20201014 17:09:57.001"></status>
</kw>
<kw name="Set Selenium Implicit Wait" library="SeleniumLibrary">
<doc>Sets the implicit wait value used by Selenium.</doc>
<arguments>
<arg>5</arg>
</arguments>
<status status="PASS" starttime="20201014 17:09:57.001" endtime="20201014 17:09:57.005"></status>
</kw>
<kw name="Generate Random String" library="String">
<doc>Generates a string with a desired ``length`` from the given ``chars``.</doc>
<arguments>
<arg>8</arg>
</arguments>
<assign>
<var>${text}</var>
</assign>
<msg timestamp="20201014 17:09:57.005" level="INFO">${text} = MKDTGIQZ</msg>
<status status="PASS" starttime="20201014 17:09:57.005" endtime="20201014 17:09:57.005"></status>
</kw>
<kw name="Capture Page Screenshot" library="SeleniumLibrary">
<doc>Takes a screenshot of the current page and embeds it into a log file.</doc>
<arguments>
<arg>${text}.png</arg>
</arguments>
<msg timestamp="20201014 17:09:57.366" level="INFO" html="yes">&lt;/td&gt;&lt;/tr&gt;&lt;tr&gt;&lt;td colspan="3"&gt;&lt;a href="MKDTGIQZ.png"&gt;&lt;img src="MKDTGIQZ.png" width="800px"&gt;&lt;/a&gt;</msg>
<status status="PASS" starttime="20201014 17:09:57.006" endtime="20201014 17:09:57.366"></status>
</kw>
<status status="PASS" starttime="20201014 17:09:56.439" endtime="20201014 17:09:57.366"></status>
</kw>
<status status="PASS" starttime="20201014 17:09:49.106" endtime="20201014 17:09:57.366"></status>
</kw>
<kw name="Quando informo o email &quot;V@A.COM&quot; para cadastro" library="autenticacao">
<kw name="Input Text" library="SeleniumLibrary">
<doc>Types the given ``text`` into the text field identified by ``locator``.</doc>
<arguments>
<arg>${AUTENTICACAO_FIELD_EMAIL}</arg>
<arg>${AUTENTICACAO_EMAIL_TEXT}</arg>
</arguments>
<msg timestamp="20201014 17:09:57.397" level="INFO">Typing text 'V@A.COM' into text field 'xpath=//*[@id="email_create"]'.</msg>
<status status="PASS" starttime="20201014 17:09:57.397" endtime="20201014 17:09:57.503"></status>
</kw>
<kw name="Click Element" library="SeleniumLibrary">
<doc>Click the element identified by ``locator``.</doc>
<arguments>
<arg>${AUTENTICACAO_BUTTON_SUBMIT}</arg>
</arguments>
<msg timestamp="20201014 17:09:57.503" level="INFO">Clicking element 'xpath=//*[@id="SubmitCreate"]'.</msg>
<status status="PASS" starttime="20201014 17:09:57.503" endtime="20201014 17:09:57.571"></status>
</kw>
<kw name="Set Selenium Implicit Wait" library="SeleniumLibrary">
<doc>Sets the implicit wait value used by Selenium.</doc>
<arguments>
<arg>5</arg>
</arguments>
<status status="PASS" starttime="20201014 17:09:57.571" endtime="20201014 17:09:57.573"></status>
</kw>
<status status="PASS" starttime="20201014 17:09:57.396" endtime="20201014 17:09:57.573"></status>
</kw>
<kw name="Então é apresentado formulario de cadadastro" library="cadastro">
<kw name="Element Should Contain" library="SeleniumLibrary">
<doc>Verifies that element ``locator`` contains text ``expected``.</doc>
<arguments>
<arg>${CADASTRO_NAVIGATION_PAGE}</arg>
<arg>Authentication</arg>
</arguments>
<msg timestamp="20201014 17:09:57.634" level="INFO">Element '//*[@class="navigation_page"]' contains text 'Authentication'.</msg>
<status status="PASS" starttime="20201014 17:09:57.608" endtime="20201014 17:09:57.634"></status>
</kw>
<status status="PASS" starttime="20201014 17:09:57.608" endtime="20201014 17:09:57.634"></status>
</kw>
<kw name="Fechar navegador" library="resource" type="teardown">
<kw name="Close Browser" library="SeleniumLibrary">
<doc>Closes the current browser.</doc>
<status status="PASS" starttime="20201014 17:09:57.656" endtime="20201014 17:09:59.989"></status>
</kw>
<status status="PASS" starttime="20201014 17:09:57.655" endtime="20201014 17:09:59.989"></status>
</kw>
<status status="PASS" starttime="20201014 17:09:45.550" endtime="20201014 17:10:00.027" critical="yes"></status>
</test>
<status status="PASS" starttime="20201014 17:09:45.039" endtime="20201014 17:10:00.050"></status>
</suite>
<status status="PASS" starttime="20201014 17:09:44.994" endtime="20201014 17:10:00.054"></status>
</suite>
<statistics>
<total>
<stat pass="1" fail="0">Critical Tests</stat>
<stat pass="1" fail="0">All Tests</stat>
</total>
<tag>
</tag>
<suite>
<stat pass="1" fail="0" id="s1" name="Test-Case">Test-Case</stat>
<stat pass="1" fail="0" id="s1-s1" name="Cadastro usuario">Test-Case.Cadastro usuario</stat>
</suite>
</statistics>
<errors>
</errors>
</robot>
