<?xml version="1.0" encoding="UTF-8"?>
<robot generator="Robot 3.2.2 (Python 3.7.4 on win32)" generated="20201204 08:42:50.802" rpa="false">
<suite id="s1" name="ContactUs" source="D:\PageObjectExample\Test\Funcional\Test-case\ContactUs.robot">
<test id="s1-t1" name="Cenario 1: Acessar a tela contactUs">
<kw name="Abrir navegador" library="resource" type="setup">
<kw name="Open Browser" library="SeleniumLibrary">
<doc>Opens a new browser instance to the optional ``url``.</doc>
<arguments>
<arg>url:</arg>
<arg>${BROWSER}</arg>
</arguments>
<msg timestamp="20201204 08:42:51.625" level="INFO">Opening browser 'chrome' to base url 'url:'.</msg>
<kw name="Capture Page Screenshot" library="SeleniumLibrary">
<doc>Takes a screenshot of the current page and embeds it into a log file.</doc>
<msg timestamp="20201204 08:42:56.099" level="INFO">Cannot capture screenshot because no browser is open.</msg>
<status status="PASS" starttime="20201204 08:42:56.098" endtime="20201204 08:42:56.099"></status>
</kw>
<msg timestamp="20201204 08:42:56.164" level="FAIL">SessionNotCreatedException: Message: session not created: This version of ChromeDriver only supports Chrome version 85
</msg>
<status status="FAIL" starttime="20201204 08:42:51.624" endtime="20201204 08:42:56.165"></status>
</kw>
<status status="FAIL" starttime="20201204 08:42:51.624" endtime="20201204 08:42:56.165"></status>
</kw>
<kw name="Fechar navegador" library="resource" type="teardown">
<kw name="Capture Page Screenshot" library="SeleniumLibrary">
<doc>Takes a screenshot of the current page and embeds it into a log file.</doc>
<msg timestamp="20201204 08:42:56.167" level="INFO">Cannot capture screenshot because no browser is open.</msg>
<status status="PASS" starttime="20201204 08:42:56.167" endtime="20201204 08:42:56.167"></status>
</kw>
<kw name="Close Browser" library="SeleniumLibrary">
<doc>Closes the current browser.</doc>
<status status="PASS" starttime="20201204 08:42:56.167" endtime="20201204 08:42:56.167"></status>
</kw>
<status status="PASS" starttime="20201204 08:42:56.166" endtime="20201204 08:42:56.168"></status>
</kw>
<status status="FAIL" starttime="20201204 08:42:51.622" endtime="20201204 08:42:56.168" critical="yes">Setup failed:
SessionNotCreatedException: Message: session not created: This version of ChromeDriver only supports Chrome version 85
</status>
</test>
<status status="FAIL" starttime="20201204 08:42:50.810" endtime="20201204 08:42:56.175"></status>
</suite>
<statistics>
<total>
<stat pass="0" fail="1">Critical Tests</stat>
<stat pass="0" fail="1">All Tests</stat>
</total>
<tag>
</tag>
<suite>
<stat pass="0" fail="1" id="s1" name="ContactUs">ContactUs</stat>
</suite>
</statistics>
<errors>
</errors>
</robot>
