<?xml version="1.0" encoding="UTF-8"?>
<robot generator="Robot 3.2.2 (Python 3.7.4 on win32)" generated="20201027 10:52:30.926" rpa="false">
<suite id="s1" name="Test-Case" source="D:\PageObjectExample\Test\Funcional\test-case">
<suite id="s1-s1" name="Cadastro usuario" source="D:\PageObjectExample\Test\Funcional\test-case\Cadastro_usuario.robot">
<test id="s1-s1-t1" name="Cenario 1: Abrir tela de cadastro">
<kw name="Abrir navegador" library="resource" type="setup">
<kw name="Open Browser" library="SeleniumLibrary">
<doc>Opens a new browser instance to the optional ``url``.</doc>
<arguments>
<arg>url:${URL}</arg>
<arg>${BROWSER}</arg>
</arguments>
<msg timestamp="20201027 10:52:31.457" level="INFO">Opening browser 'chrome' to base url 'url:http://automationpractice.com/'.</msg>
<status status="PASS" starttime="20201027 10:52:31.456" endtime="20201027 10:52:35.014"></status>
</kw>
<status status="PASS" starttime="20201027 10:52:31.456" endtime="20201027 10:52:35.015"></status>
</kw>
<kw name="Dado que estão na pagina HOME" library="home">
<kw name="Go To" library="SeleniumLibrary">
<doc>Navigates the current browser window to the provided ``url``.</doc>
<arguments>
<arg>${HOME_URL}</arg>
</arguments>
<msg timestamp="20201027 10:52:35.017" level="INFO">Opening url 'http://automationpractice.com/'</msg>
<status status="PASS" starttime="20201027 10:52:35.016" endtime="20201027 10:52:45.565"></status>
</kw>
<kw name="Set Selenium Implicit Wait" library="SeleniumLibrary">
<doc>Sets the implicit wait value used by Selenium.</doc>
<arguments>
<arg>5</arg>
</arguments>
<status status="PASS" starttime="20201027 10:52:45.566" endtime="20201027 10:52:45.568"></status>
</kw>
<kw name="Title Should Be" library="SeleniumLibrary">
<doc>Verifies that the current page title equals ``title``.</doc>
<arguments>
<arg>${HOME_TITLE_TEXT}</arg>
</arguments>
<msg timestamp="20201027 10:52:45.577" level="INFO">Page title is 'My Store'.</msg>
<status status="PASS" starttime="20201027 10:52:45.568" endtime="20201027 10:52:45.578"></status>
</kw>
<status status="PASS" starttime="20201027 10:52:35.015" endtime="20201027 10:52:45.578"></status>
</kw>
<kw name="Quando seleciono Sign-in" library="home">
<kw name="Click Element" library="SeleniumLibrary">
<doc>Click the element identified by ``locator``.</doc>
<arguments>
<arg>${HOME_BUTTON_SIGIN}</arg>
</arguments>
<msg timestamp="20201027 10:52:45.579" level="INFO">Clicking element 'xpath=//a[@class="login"]'.</msg>
<status status="PASS" starttime="20201027 10:52:45.579" endtime="20201027 10:52:48.903"></status>
</kw>
<kw name="Set Selenium Implicit Wait" library="SeleniumLibrary">
<doc>Sets the implicit wait value used by Selenium.</doc>
<arguments>
<arg>5</arg>
</arguments>
<status status="PASS" starttime="20201027 10:52:48.904" endtime="20201027 10:52:48.905"></status>
</kw>
<status status="PASS" starttime="20201027 10:52:45.579" endtime="20201027 10:52:48.906"></status>
</kw>
<kw name="Entao e apresentada tela de autenticacao" library="autenticacao">
<kw name="Element Should Contain" library="SeleniumLibrary">
<doc>Verifies that element ``locator`` contains text ``expected``.</doc>
<arguments>
<arg>${AUTENTICACAO_PAGE_HEAD}</arg>
<arg>AUTHENTICATION</arg>
</arguments>
<msg timestamp="20201027 10:52:50.080" level="INFO">Element 'xpath=//*[@class="page-heading"]' contains text 'AUTHENTICATION'.</msg>
<status status="PASS" starttime="20201027 10:52:48.907" endtime="20201027 10:52:50.080"></status>
</kw>
<kw name="Set Selenium Implicit Wait" library="SeleniumLibrary">
<doc>Sets the implicit wait value used by Selenium.</doc>
<arguments>
<arg>5</arg>
</arguments>
<status status="PASS" starttime="20201027 10:52:50.081" endtime="20201027 10:52:50.082"></status>
</kw>
<kw name="Generate Random String" library="String">
<doc>Generates a string with a desired ``length`` from the given ``chars``.</doc>
<arguments>
<arg>8</arg>
</arguments>
<assign>
<var>${text}</var>
</assign>
<msg timestamp="20201027 10:52:50.083" level="INFO">${text} = zX0SpkTm</msg>
<status status="PASS" starttime="20201027 10:52:50.083" endtime="20201027 10:52:50.083"></status>
</kw>
<kw name="Capture Page Screenshot" library="SeleniumLibrary">
<doc>Takes a screenshot of the current page and embeds it into a log file.</doc>
<arguments>
<arg>${text}.png</arg>
</arguments>
<msg timestamp="20201027 10:52:50.462" level="INFO" html="yes">&lt;/td&gt;&lt;/tr&gt;&lt;tr&gt;&lt;td colspan="3"&gt;&lt;a href="zX0SpkTm.png"&gt;&lt;img src="zX0SpkTm.png" width="800px"&gt;&lt;/a&gt;</msg>
<status status="PASS" starttime="20201027 10:52:50.083" endtime="20201027 10:52:50.462"></status>
</kw>
<status status="PASS" starttime="20201027 10:52:48.906" endtime="20201027 10:52:50.462"></status>
</kw>
<kw name="Fechar navegador" library="resource" type="teardown">
<kw name="Close Browser" library="SeleniumLibrary">
<doc>Closes the current browser.</doc>
<status status="PASS" starttime="20201027 10:52:50.464" endtime="20201027 10:52:52.750"></status>
</kw>
<status status="PASS" starttime="20201027 10:52:50.463" endtime="20201027 10:52:52.750"></status>
</kw>
<status status="PASS" starttime="20201027 10:52:31.455" endtime="20201027 10:52:52.751" critical="yes"></status>
</test>
<test id="s1-s1-t2" name="Cenario 2: Acessar formulario para novo cadastro">
<kw name="Abrir navegador" library="resource" type="setup">
<kw name="Open Browser" library="SeleniumLibrary">
<doc>Opens a new browser instance to the optional ``url``.</doc>
<arguments>
<arg>url:${URL}</arg>
<arg>${BROWSER}</arg>
</arguments>
<msg timestamp="20201027 10:52:52.754" level="INFO">Opening browser 'chrome' to base url 'url:http://automationpractice.com/'.</msg>
<status status="PASS" starttime="20201027 10:52:52.754" endtime="20201027 10:52:56.135"></status>
</kw>
<status status="PASS" starttime="20201027 10:52:52.754" endtime="20201027 10:52:56.135"></status>
</kw>
<kw name="Dado que estou na pagina de autenticação" library="autenticacao">
<kw name="Dado que estão na pagina HOME" library="home">
<kw name="Go To" library="SeleniumLibrary">
<doc>Navigates the current browser window to the provided ``url``.</doc>
<arguments>
<arg>${HOME_URL}</arg>
</arguments>
<msg timestamp="20201027 10:52:56.136" level="INFO">Opening url 'http://automationpractice.com/'</msg>
<status status="PASS" starttime="20201027 10:52:56.136" endtime="20201027 10:53:03.890"></status>
</kw>
<kw name="Set Selenium Implicit Wait" library="SeleniumLibrary">
<doc>Sets the implicit wait value used by Selenium.</doc>
<arguments>
<arg>5</arg>
</arguments>
<status status="PASS" starttime="20201027 10:53:03.890" endtime="20201027 10:53:03.892"></status>
</kw>
<kw name="Title Should Be" library="SeleniumLibrary">
<doc>Verifies that the current page title equals ``title``.</doc>
<arguments>
<arg>${HOME_TITLE_TEXT}</arg>
</arguments>
<msg timestamp="20201027 10:53:03.901" level="INFO">Page title is 'My Store'.</msg>
<status status="PASS" starttime="20201027 10:53:03.892" endtime="20201027 10:53:03.901"></status>
</kw>
<status status="PASS" starttime="20201027 10:52:56.136" endtime="20201027 10:53:03.901"></status>
</kw>
<kw name="Quando seleciono Sign-in" library="home">
<kw name="Click Element" library="SeleniumLibrary">
<doc>Click the element identified by ``locator``.</doc>
<arguments>
<arg>${HOME_BUTTON_SIGIN}</arg>
</arguments>
<msg timestamp="20201027 10:53:03.902" level="INFO">Clicking element 'xpath=//a[@class="login"]'.</msg>
<status status="PASS" starttime="20201027 10:53:03.902" endtime="20201027 10:53:04.948"></status>
</kw>
<kw name="Set Selenium Implicit Wait" library="SeleniumLibrary">
<doc>Sets the implicit wait value used by Selenium.</doc>
<arguments>
<arg>5</arg>
</arguments>
<status status="PASS" starttime="20201027 10:53:04.948" endtime="20201027 10:53:04.950"></status>
</kw>
<status status="PASS" starttime="20201027 10:53:03.901" endtime="20201027 10:53:04.951"></status>
</kw>
<kw name="Entao e apresentada tela de autenticacao" library="autenticacao">
<kw name="Element Should Contain" library="SeleniumLibrary">
<doc>Verifies that element ``locator`` contains text ``expected``.</doc>
<arguments>
<arg>${AUTENTICACAO_PAGE_HEAD}</arg>
<arg>AUTHENTICATION</arg>
</arguments>
<msg timestamp="20201027 10:53:06.308" level="INFO">Element 'xpath=//*[@class="page-heading"]' contains text 'AUTHENTICATION'.</msg>
<status status="PASS" starttime="20201027 10:53:04.951" endtime="20201027 10:53:06.308"></status>
</kw>
<kw name="Set Selenium Implicit Wait" library="SeleniumLibrary">
<doc>Sets the implicit wait value used by Selenium.</doc>
<arguments>
<arg>5</arg>
</arguments>
<status status="PASS" starttime="20201027 10:53:06.308" endtime="20201027 10:53:06.310"></status>
</kw>
<kw name="Generate Random String" library="String">
<doc>Generates a string with a desired ``length`` from the given ``chars``.</doc>
<arguments>
<arg>8</arg>
</arguments>
<assign>
<var>${text}</var>
</assign>
<msg timestamp="20201027 10:53:06.311" level="INFO">${text} = 9gZkrt8a</msg>
<status status="PASS" starttime="20201027 10:53:06.311" endtime="20201027 10:53:06.311"></status>
</kw>
<kw name="Capture Page Screenshot" library="SeleniumLibrary">
<doc>Takes a screenshot of the current page and embeds it into a log file.</doc>
<arguments>
<arg>${text}.png</arg>
</arguments>
<msg timestamp="20201027 10:53:06.648" level="INFO" html="yes">&lt;/td&gt;&lt;/tr&gt;&lt;tr&gt;&lt;td colspan="3"&gt;&lt;a href="9gZkrt8a.png"&gt;&lt;img src="9gZkrt8a.png" width="800px"&gt;&lt;/a&gt;</msg>
<status status="PASS" starttime="20201027 10:53:06.311" endtime="20201027 10:53:06.648"></status>
</kw>
<status status="PASS" starttime="20201027 10:53:04.951" endtime="20201027 10:53:06.648"></status>
</kw>
<status status="PASS" starttime="20201027 10:52:56.135" endtime="20201027 10:53:06.648"></status>
</kw>
<kw name="Quando informo o email &quot;V@A.COM&quot; para cadastro" library="autenticacao">
<kw name="Generate Random String" library="String">
<doc>Generates a string with a desired ``length`` from the given ``chars``.</doc>
<assign>
<var>${AUTENTICACAO_EMAIL_TEXT}</var>
</assign>
<msg timestamp="20201027 10:53:06.650" level="INFO">${AUTENTICACAO_EMAIL_TEXT} = IjZpolNN</msg>
<status status="PASS" starttime="20201027 10:53:06.649" endtime="20201027 10:53:06.650"></status>
</kw>
<kw name="Input Text" library="SeleniumLibrary">
<doc>Types the given ``text`` into the text field identified by ``locator``.</doc>
<arguments>
<arg>${AUTENTICACAO_FIELD_EMAIL}</arg>
<arg>${AUTENTICACAO_EMAIL_TEXT}@a.com</arg>
</arguments>
<msg timestamp="20201027 10:53:06.650" level="INFO">Typing text 'IjZpolNN@a.com' into text field 'xpath=//*[@id="email_create"]'.</msg>
<status status="PASS" starttime="20201027 10:53:06.650" endtime="20201027 10:53:06.749"></status>
</kw>
<kw name="Click Element" library="SeleniumLibrary">
<doc>Click the element identified by ``locator``.</doc>
<arguments>
<arg>${AUTENTICACAO_BUTTON_SUBMIT}</arg>
</arguments>
<msg timestamp="20201027 10:53:06.749" level="INFO">Clicking element 'xpath=//*[@id="SubmitCreate"]'.</msg>
<status status="PASS" starttime="20201027 10:53:06.749" endtime="20201027 10:53:06.813"></status>
</kw>
<kw name="Set Selenium Implicit Wait" library="SeleniumLibrary">
<doc>Sets the implicit wait value used by Selenium.</doc>
<arguments>
<arg>5</arg>
</arguments>
<status status="PASS" starttime="20201027 10:53:06.813" endtime="20201027 10:53:06.815"></status>
</kw>
<status status="PASS" starttime="20201027 10:53:06.649" endtime="20201027 10:53:06.816"></status>
</kw>
<kw name="Então é apresentado formulario de cadastro" library="cadastro">
<kw name="Element Should Contain" library="SeleniumLibrary">
<doc>Verifies that element ``locator`` contains text ``expected``.</doc>
<arguments>
<arg>${CADASTRO_NAVIGATION_PAGE}</arg>
<arg>Authentication</arg>
</arguments>
<msg timestamp="20201027 10:53:06.845" level="INFO">Element '//*[@class="navigation_page"]' contains text 'Authentication'.</msg>
<status status="PASS" starttime="20201027 10:53:06.817" endtime="20201027 10:53:06.845"></status>
</kw>
<status status="PASS" starttime="20201027 10:53:06.817" endtime="20201027 10:53:06.845"></status>
</kw>
<kw name="Fechar navegador" library="resource" type="teardown">
<kw name="Close Browser" library="SeleniumLibrary">
<doc>Closes the current browser.</doc>
<status status="PASS" starttime="20201027 10:53:06.846" endtime="20201027 10:53:09.136"></status>
</kw>
<status status="PASS" starttime="20201027 10:53:06.846" endtime="20201027 10:53:09.136"></status>
</kw>
<status status="PASS" starttime="20201027 10:52:52.753" endtime="20201027 10:53:09.137" critical="yes"></status>
</test>
<test id="s1-s1-t3" name="Cenario 3:Preencher formulario para novo cadastro">
<kw name="Abrir navegador" library="resource" type="setup">
<kw name="Open Browser" library="SeleniumLibrary">
<doc>Opens a new browser instance to the optional ``url``.</doc>
<arguments>
<arg>url:${URL}</arg>
<arg>${BROWSER}</arg>
</arguments>
<msg timestamp="20201027 10:53:09.143" level="INFO">Opening browser 'chrome' to base url 'url:http://automationpractice.com/'.</msg>
<status status="PASS" starttime="20201027 10:53:09.143" endtime="20201027 10:53:12.456"></status>
</kw>
<status status="PASS" starttime="20201027 10:53:09.142" endtime="20201027 10:53:12.456"></status>
</kw>
<kw name="Dado que estou na tela de cadastro" library="cadastro">
<kw name="Dado que estou na pagina de autenticação" library="autenticacao">
<kw name="Dado que estão na pagina HOME" library="home">
<kw name="Go To" library="SeleniumLibrary">
<doc>Navigates the current browser window to the provided ``url``.</doc>
<arguments>
<arg>${HOME_URL}</arg>
</arguments>
<msg timestamp="20201027 10:53:12.458" level="INFO">Opening url 'http://automationpractice.com/'</msg>
<status status="PASS" starttime="20201027 10:53:12.458" endtime="20201027 10:53:31.540"></status>
</kw>
<kw name="Set Selenium Implicit Wait" library="SeleniumLibrary">
<doc>Sets the implicit wait value used by Selenium.</doc>
<arguments>
<arg>5</arg>
</arguments>
<status status="PASS" starttime="20201027 10:53:31.540" endtime="20201027 10:53:31.543"></status>
</kw>
<kw name="Title Should Be" library="SeleniumLibrary">
<doc>Verifies that the current page title equals ``title``.</doc>
<arguments>
<arg>${HOME_TITLE_TEXT}</arg>
</arguments>
<msg timestamp="20201027 10:53:31.550" level="INFO">Page title is 'My Store'.</msg>
<status status="PASS" starttime="20201027 10:53:31.543" endtime="20201027 10:53:31.550"></status>
</kw>
<status status="PASS" starttime="20201027 10:53:12.457" endtime="20201027 10:53:31.550"></status>
</kw>
<kw name="Quando seleciono Sign-in" library="home">
<kw name="Click Element" library="SeleniumLibrary">
<doc>Click the element identified by ``locator``.</doc>
<arguments>
<arg>${HOME_BUTTON_SIGIN}</arg>
</arguments>
<msg timestamp="20201027 10:53:31.551" level="INFO">Clicking element 'xpath=//a[@class="login"]'.</msg>
<status status="PASS" starttime="20201027 10:53:31.551" endtime="20201027 10:53:33.374"></status>
</kw>
<kw name="Set Selenium Implicit Wait" library="SeleniumLibrary">
<doc>Sets the implicit wait value used by Selenium.</doc>
<arguments>
<arg>5</arg>
</arguments>
<status status="PASS" starttime="20201027 10:53:33.374" endtime="20201027 10:53:33.376"></status>
</kw>
<status status="PASS" starttime="20201027 10:53:31.551" endtime="20201027 10:53:33.376"></status>
</kw>
<kw name="Entao e apresentada tela de autenticacao" library="autenticacao">
<kw name="Element Should Contain" library="SeleniumLibrary">
<doc>Verifies that element ``locator`` contains text ``expected``.</doc>
<arguments>
<arg>${AUTENTICACAO_PAGE_HEAD}</arg>
<arg>AUTHENTICATION</arg>
</arguments>
<msg timestamp="20201027 10:53:34.566" level="INFO">Element 'xpath=//*[@class="page-heading"]' contains text 'AUTHENTICATION'.</msg>
<status status="PASS" starttime="20201027 10:53:33.377" endtime="20201027 10:53:34.566"></status>
</kw>
<kw name="Set Selenium Implicit Wait" library="SeleniumLibrary">
<doc>Sets the implicit wait value used by Selenium.</doc>
<arguments>
<arg>5</arg>
</arguments>
<status status="PASS" starttime="20201027 10:53:34.566" endtime="20201027 10:53:34.569"></status>
</kw>
<kw name="Generate Random String" library="String">
<doc>Generates a string with a desired ``length`` from the given ``chars``.</doc>
<arguments>
<arg>8</arg>
</arguments>
<assign>
<var>${text}</var>
</assign>
<msg timestamp="20201027 10:53:34.569" level="INFO">${text} = 8pPQHq3E</msg>
<status status="PASS" starttime="20201027 10:53:34.569" endtime="20201027 10:53:34.569"></status>
</kw>
<kw name="Capture Page Screenshot" library="SeleniumLibrary">
<doc>Takes a screenshot of the current page and embeds it into a log file.</doc>
<arguments>
<arg>${text}.png</arg>
</arguments>
<msg timestamp="20201027 10:53:34.928" level="INFO" html="yes">&lt;/td&gt;&lt;/tr&gt;&lt;tr&gt;&lt;td colspan="3"&gt;&lt;a href="8pPQHq3E.png"&gt;&lt;img src="8pPQHq3E.png" width="800px"&gt;&lt;/a&gt;</msg>
<status status="PASS" starttime="20201027 10:53:34.569" endtime="20201027 10:53:34.928"></status>
</kw>
<status status="PASS" starttime="20201027 10:53:33.377" endtime="20201027 10:53:34.928"></status>
</kw>
<status status="PASS" starttime="20201027 10:53:12.457" endtime="20201027 10:53:34.928"></status>
</kw>
<kw name="Quando informo o email &quot;${AUTENTICACAO_EMAIL_TEXT}&quot; para cadastro" library="autenticacao">
<kw name="Generate Random String" library="String">
<doc>Generates a string with a desired ``length`` from the given ``chars``.</doc>
<assign>
<var>${AUTENTICACAO_EMAIL_TEXT}</var>
</assign>
<msg timestamp="20201027 10:53:34.929" level="INFO">${AUTENTICACAO_EMAIL_TEXT} = nd28lxnx</msg>
<status status="PASS" starttime="20201027 10:53:34.929" endtime="20201027 10:53:34.929"></status>
</kw>
<kw name="Input Text" library="SeleniumLibrary">
<doc>Types the given ``text`` into the text field identified by ``locator``.</doc>
<arguments>
<arg>${AUTENTICACAO_FIELD_EMAIL}</arg>
<arg>${AUTENTICACAO_EMAIL_TEXT}@a.com</arg>
</arguments>
<msg timestamp="20201027 10:53:34.929" level="INFO">Typing text 'nd28lxnx@a.com' into text field 'xpath=//*[@id="email_create"]'.</msg>
<status status="PASS" starttime="20201027 10:53:34.929" endtime="20201027 10:53:35.022"></status>
</kw>
<kw name="Click Element" library="SeleniumLibrary">
<doc>Click the element identified by ``locator``.</doc>
<arguments>
<arg>${AUTENTICACAO_BUTTON_SUBMIT}</arg>
</arguments>
<msg timestamp="20201027 10:53:35.022" level="INFO">Clicking element 'xpath=//*[@id="SubmitCreate"]'.</msg>
<status status="PASS" starttime="20201027 10:53:35.022" endtime="20201027 10:53:35.087"></status>
</kw>
<kw name="Set Selenium Implicit Wait" library="SeleniumLibrary">
<doc>Sets the implicit wait value used by Selenium.</doc>
<arguments>
<arg>5</arg>
</arguments>
<status status="PASS" starttime="20201027 10:53:35.087" endtime="20201027 10:53:35.089"></status>
</kw>
<status status="PASS" starttime="20201027 10:53:34.928" endtime="20201027 10:53:35.089"></status>
</kw>
<kw name="Então é apresentado formulario de cadastro" library="cadastro">
<kw name="Element Should Contain" library="SeleniumLibrary">
<doc>Verifies that element ``locator`` contains text ``expected``.</doc>
<arguments>
<arg>${CADASTRO_NAVIGATION_PAGE}</arg>
<arg>Authentication</arg>
</arguments>
<msg timestamp="20201027 10:53:35.114" level="INFO">Element '//*[@class="navigation_page"]' contains text 'Authentication'.</msg>
<status status="PASS" starttime="20201027 10:53:35.089" endtime="20201027 10:53:35.114"></status>
</kw>
<status status="PASS" starttime="20201027 10:53:35.089" endtime="20201027 10:53:35.115"></status>
</kw>
<status status="PASS" starttime="20201027 10:53:12.456" endtime="20201027 10:53:35.115"></status>
</kw>
<kw name="Quando preencho as informações corretamente" library="cadastro">
<arguments>
<arg>Thiago</arg>
</arguments>
<kw name="Click Element" library="SeleniumLibrary">
<doc>Click the element identified by ``locator``.</doc>
<arguments>
<arg>${CADASTRO_GENERO}</arg>
</arguments>
<msg timestamp="20201027 10:53:35.117" level="INFO">Clicking element '//*[@id="id_gender1"]'.</msg>
<status status="PASS" starttime="20201027 10:53:35.116" endtime="20201027 10:53:37.945"></status>
</kw>
<kw name="Input Text" library="SeleniumLibrary">
<doc>Types the given ``text`` into the text field identified by ``locator``.</doc>
<arguments>
<arg>${CADASTRO_FIRTNAME}</arg>
<arg>${name}</arg>
</arguments>
<msg timestamp="20201027 10:53:37.945" level="INFO">Typing text 'Thiago' into text field '//*[@id="customer_firstname"]'.</msg>
<status status="PASS" starttime="20201027 10:53:37.945" endtime="20201027 10:53:38.043"></status>
</kw>
<kw name="Input Text" library="SeleniumLibrary">
<doc>Types the given ``text`` into the text field identified by ``locator``.</doc>
<arguments>
<arg>${CADASTRO_LASTNAME}</arg>
<arg>${last_name}</arg>
</arguments>
<msg timestamp="20201027 10:53:38.044" level="INFO">Typing text 'Alves' into text field '//*[@id="customer_lastname"]'.</msg>
<status status="PASS" starttime="20201027 10:53:38.044" endtime="20201027 10:53:38.130"></status>
</kw>
<kw name="Input Text" library="SeleniumLibrary">
<doc>Types the given ``text`` into the text field identified by ``locator``.</doc>
<arguments>
<arg>${CADASTRO_SENHA}</arg>
<arg>${senha}</arg>
</arguments>
<msg timestamp="20201027 10:53:38.130" level="INFO">Typing text 'hentai' into text field '//*[@id="passwd"]'.</msg>
<status status="PASS" starttime="20201027 10:53:38.130" endtime="20201027 10:53:38.222"></status>
</kw>
<kw name="Select From List By Value" library="SeleniumLibrary">
<doc>Selects options from selection list ``locator`` by ``values``.</doc>
<arguments>
<arg>${CADASTRO_DIA}</arg>
<arg>${dia}</arg>
</arguments>
<msg timestamp="20201027 10:53:38.222" level="INFO">Selecting options from selection list '//*[@id="days"]' by value 3.</msg>
<status status="PASS" starttime="20201027 10:53:38.222" endtime="20201027 10:53:38.301"></status>
</kw>
<kw name="Select From List By Value" library="SeleniumLibrary">
<doc>Selects options from selection list ``locator`` by ``values``.</doc>
<arguments>
<arg>${CADASTRO_MES}</arg>
<arg>${mes}</arg>
</arguments>
<msg timestamp="20201027 10:53:38.301" level="INFO">Selecting options from selection list '//*[@id="months"]' by value 9.</msg>
<status status="PASS" starttime="20201027 10:53:38.301" endtime="20201027 10:53:38.389"></status>
</kw>
<kw name="Select From List By Value" library="SeleniumLibrary">
<doc>Selects options from selection list ``locator`` by ``values``.</doc>
<arguments>
<arg>${CADASTRO_ANO}</arg>
<arg>${ano}</arg>
</arguments>
<msg timestamp="20201027 10:53:38.389" level="INFO">Selecting options from selection list '//*[@id="years"]' by value 1983.</msg>
<status status="PASS" starttime="20201027 10:53:38.389" endtime="20201027 10:53:38.464"></status>
</kw>
<kw name="Input Text" library="SeleniumLibrary">
<doc>Types the given ``text`` into the text field identified by ``locator``.</doc>
<arguments>
<arg>${CADASTRO_FIRTNAME_ADDRESS}</arg>
<arg>${fist_name_adress}</arg>
</arguments>
<msg timestamp="20201027 10:53:38.464" level="INFO">Typing text 'Vanderlan' into text field '//*[@id="firstname"]'.</msg>
<status status="PASS" starttime="20201027 10:53:38.464" endtime="20201027 10:53:38.610"></status>
</kw>
<kw name="Input Text" library="SeleniumLibrary">
<doc>Types the given ``text`` into the text field identified by ``locator``.</doc>
<arguments>
<arg>${CADASTRO_LASTNAME_ADDRESS}</arg>
<arg>${last_name_adress}</arg>
</arguments>
<msg timestamp="20201027 10:53:38.610" level="INFO">Typing text 'Alves' into text field '//*[@id="lastname"]'.</msg>
<status status="PASS" starttime="20201027 10:53:38.610" endtime="20201027 10:53:38.698"></status>
</kw>
<kw name="Input Text" library="SeleniumLibrary">
<doc>Types the given ``text`` into the text field identified by ``locator``.</doc>
<arguments>
<arg>${CADASTRO_COMPANY}</arg>
<arg>${company}</arg>
</arguments>
<msg timestamp="20201027 10:53:38.699" level="INFO">Typing text 'CLARO' into text field '//*[@id="company"]'.</msg>
<status status="PASS" starttime="20201027 10:53:38.698" endtime="20201027 10:53:38.783"></status>
</kw>
<kw name="Input Text" library="SeleniumLibrary">
<doc>Types the given ``text`` into the text field identified by ``locator``.</doc>
<arguments>
<arg>${CADASTRO_ADDRESS}</arg>
<arg>${adress}</arg>
</arguments>
<msg timestamp="20201027 10:53:38.784" level="INFO">Typing text 'Godofredo Fraga' into text field '//*[@id="address1"]'.</msg>
<status status="PASS" starttime="20201027 10:53:38.783" endtime="20201027 10:53:38.878"></status>
</kw>
<kw name="Input Text" library="SeleniumLibrary">
<doc>Types the given ``text`` into the text field identified by ``locator``.</doc>
<arguments>
<arg>${CADASTRO_CITY}</arg>
<arg>${city}</arg>
</arguments>
<msg timestamp="20201027 10:53:38.879" level="INFO">Typing text 'São Paulo' into text field '//*[@id="city"]'.</msg>
<status status="PASS" starttime="20201027 10:53:38.878" endtime="20201027 10:53:38.965"></status>
</kw>
<kw name="Select From List By Value" library="SeleniumLibrary">
<doc>Selects options from selection list ``locator`` by ``values``.</doc>
<arguments>
<arg>${CADASTRO_STATE}</arg>
<arg>${state}</arg>
</arguments>
<msg timestamp="20201027 10:53:38.965" level="INFO">Selecting options from selection list '//*[@id="id_state"]' by value 40.</msg>
<status status="PASS" starttime="20201027 10:53:38.965" endtime="20201027 10:53:39.042"></status>
</kw>
<kw name="Input Text" library="SeleniumLibrary">
<doc>Types the given ``text`` into the text field identified by ``locator``.</doc>
<arguments>
<arg>${CADASTRO_POSTCODE}</arg>
<arg>${postcode}</arg>
</arguments>
<msg timestamp="20201027 10:53:39.043" level="INFO">Typing text '05475' into text field '//*[@id="postcode"]'.</msg>
<status status="PASS" starttime="20201027 10:53:39.042" endtime="20201027 10:53:39.131"></status>
</kw>
<kw name="Select From List By Value" library="SeleniumLibrary">
<doc>Selects options from selection list ``locator`` by ``values``.</doc>
<arguments>
<arg>${CADASTRO_COUNTRY}</arg>
<arg>${country}</arg>
</arguments>
<msg timestamp="20201027 10:53:39.132" level="INFO">Selecting options from selection list '//*[@id="id_country"]' by value 21.</msg>
<status status="PASS" starttime="20201027 10:53:39.131" endtime="20201027 10:53:39.180"></status>
</kw>
<kw name="Input Text" library="SeleniumLibrary">
<doc>Types the given ``text`` into the text field identified by ``locator``.</doc>
<arguments>
<arg>${CADASTRO_PHONE_MOBILE}</arg>
<arg>${phone_mobile}</arg>
</arguments>
<msg timestamp="20201027 10:53:39.180" level="INFO">Typing text '970164830' into text field '//*[@id="phone_mobile"]'.</msg>
<status status="PASS" starttime="20201027 10:53:39.180" endtime="20201027 10:53:39.287"></status>
</kw>
<kw name="Input Text" library="SeleniumLibrary">
<doc>Types the given ``text`` into the text field identified by ``locator``.</doc>
<arguments>
<arg>${CADASTRO_ALIAS}</arg>
<arg>${alias}</arg>
</arguments>
<msg timestamp="20201027 10:53:39.287" level="INFO">Typing text 'Casa' into text field '//*[@id="alias"]'.</msg>
<status status="PASS" starttime="20201027 10:53:39.287" endtime="20201027 10:53:39.369"></status>
</kw>
<kw name="Click Button" library="SeleniumLibrary">
<doc>Clicks the button identified by ``locator``.</doc>
<arguments>
<arg>${CADASTRO_BUTTON_SUBMIT}</arg>
</arguments>
<msg timestamp="20201027 10:53:39.369" level="INFO">Clicking button '//*[@id="submitAccount"]'.</msg>
<status status="PASS" starttime="20201027 10:53:39.369" endtime="20201027 10:53:41.221"></status>
</kw>
<kw name="Set Selenium Implicit Wait" library="SeleniumLibrary">
<doc>Sets the implicit wait value used by Selenium.</doc>
<arguments>
<arg>5</arg>
</arguments>
<status status="PASS" starttime="20201027 10:53:41.221" endtime="20201027 10:53:41.223"></status>
</kw>
<status status="PASS" starttime="20201027 10:53:35.116" endtime="20201027 10:53:41.224"></status>
</kw>
<kw name="Então o cadsatro ocorre com sucesso" library="account">
<kw name="Element Should Contain" library="SeleniumLibrary">
<doc>Verifies that element ``locator`` contains text ``expected``.</doc>
<arguments>
<arg>${ACCOUNT_PAGE_HEAD}</arg>
<arg>My account</arg>
<arg>none</arg>
<arg>true</arg>
</arguments>
<msg timestamp="20201027 10:53:41.250" level="INFO">Element 'xpath=//*[@id="center_column"]/h1' contains text 'My account'.</msg>
<status status="PASS" starttime="20201027 10:53:41.225" endtime="20201027 10:53:41.251"></status>
</kw>
<status status="PASS" starttime="20201027 10:53:41.224" endtime="20201027 10:53:41.251"></status>
</kw>
<kw name="Fechar navegador" library="resource" type="teardown">
<kw name="Close Browser" library="SeleniumLibrary">
<doc>Closes the current browser.</doc>
<status status="PASS" starttime="20201027 10:53:41.252" endtime="20201027 10:53:43.578"></status>
</kw>
<status status="PASS" starttime="20201027 10:53:41.251" endtime="20201027 10:53:43.578"></status>
</kw>
<status status="PASS" starttime="20201027 10:53:09.141" endtime="20201027 10:53:43.579" critical="yes"></status>
</test>
<status status="PASS" starttime="20201027 10:52:30.964" endtime="20201027 10:53:43.583"></status>
</suite>
<suite id="s1-s2" name="Consulta produto" source="D:\PageObjectExample\Test\Funcional\test-case\Consulta_produto.robot">
<test id="s1-s2-t1" name="Cenario 1:Consultar produto existente">
<kw name="Abrir navegador" library="resource" type="setup">
<kw name="Open Browser" library="SeleniumLibrary">
<doc>Opens a new browser instance to the optional ``url``.</doc>
<arguments>
<arg>url:${URL}</arg>
<arg>${BROWSER}</arg>
</arguments>
<msg timestamp="20201027 10:53:43.614" level="INFO">Opening browser 'chrome' to base url 'url:http://automationpractice.com/'.</msg>
<status status="PASS" starttime="20201027 10:53:43.614" endtime="20201027 10:53:46.934"></status>
</kw>
<status status="PASS" starttime="20201027 10:53:43.614" endtime="20201027 10:53:46.935"></status>
</kw>
<kw name="Dado que estão na pagina HOME" library="home">
<kw name="Go To" library="SeleniumLibrary">
<doc>Navigates the current browser window to the provided ``url``.</doc>
<arguments>
<arg>${HOME_URL}</arg>
</arguments>
<msg timestamp="20201027 10:53:46.936" level="INFO">Opening url 'http://automationpractice.com/'</msg>
<status status="PASS" starttime="20201027 10:53:46.936" endtime="20201027 10:53:58.267"></status>
</kw>
<kw name="Set Selenium Implicit Wait" library="SeleniumLibrary">
<doc>Sets the implicit wait value used by Selenium.</doc>
<arguments>
<arg>5</arg>
</arguments>
<status status="PASS" starttime="20201027 10:53:58.267" endtime="20201027 10:53:58.269"></status>
</kw>
<kw name="Title Should Be" library="SeleniumLibrary">
<doc>Verifies that the current page title equals ``title``.</doc>
<arguments>
<arg>${HOME_TITLE_TEXT}</arg>
</arguments>
<msg timestamp="20201027 10:53:58.276" level="INFO">Page title is 'My Store'.</msg>
<status status="PASS" starttime="20201027 10:53:58.269" endtime="20201027 10:53:58.276"></status>
</kw>
<status status="PASS" starttime="20201027 10:53:46.935" endtime="20201027 10:53:58.276"></status>
</kw>
<kw name="Quando pesquiso por &quot;DRESS&quot;" library="home">
<kw name="Input Text" library="SeleniumLibrary">
<doc>Types the given ``text`` into the text field identified by ``locator``.</doc>
<arguments>
<arg>${HOME_SEARCH_BOX}</arg>
<arg>${HOME_PRODUTO}</arg>
</arguments>
<msg timestamp="20201027 10:53:58.278" level="INFO">Typing text 'DRESS' into text field 'xpath=//*[@id="search_query_top"]'.</msg>
<status status="PASS" starttime="20201027 10:53:58.277" endtime="20201027 10:53:58.401"></status>
</kw>
<kw name="Click Button" library="SeleniumLibrary">
<doc>Clicks the button identified by ``locator``.</doc>
<arguments>
<arg>${HOME_BUTOON_SEARCH}</arg>
</arguments>
<msg timestamp="20201027 10:53:58.402" level="INFO">Clicking button 'xpath=//*[@id="searchbox"]/button'.</msg>
<status status="PASS" starttime="20201027 10:53:58.401" endtime="20201027 10:53:58.485"></status>
</kw>
<kw name="Set Selenium Implicit Wait" library="SeleniumLibrary">
<doc>Sets the implicit wait value used by Selenium.</doc>
<arguments>
<arg>5</arg>
</arguments>
<status status="PASS" starttime="20201027 10:53:58.485" endtime="20201027 10:53:58.488"></status>
</kw>
<status status="PASS" starttime="20201027 10:53:58.277" endtime="20201027 10:53:58.488"></status>
</kw>
<kw name="Então a pagina de consulta é aberta com o resultado &quot;DRESS&quot;" library="home">
<kw name="Set Selenium Implicit Wait" library="SeleniumLibrary">
<doc>Sets the implicit wait value used by Selenium.</doc>
<arguments>
<arg>5</arg>
</arguments>
<status status="PASS" starttime="20201027 10:53:58.490" endtime="20201027 10:53:58.492"></status>
</kw>
<kw name="Element Should Contain" library="SeleniumLibrary">
<doc>Verifies that element ``locator`` contains text ``expected``.</doc>
<arguments>
<arg>${HOME_TEXT_CONSULTA}</arg>
<arg>${HOME_PRODUTO}</arg>
</arguments>
<msg timestamp="20201027 10:53:59.961" level="INFO">Element 'xpath=//*[@id="center_column"]/h1/span[1]' contains text 'DRESS'.</msg>
<status status="PASS" starttime="20201027 10:53:58.492" endtime="20201027 10:53:59.961"></status>
</kw>
<status status="PASS" starttime="20201027 10:53:58.489" endtime="20201027 10:53:59.961"></status>
</kw>
<kw name="Fechar navegador" library="resource" type="teardown">
<kw name="Close Browser" library="SeleniumLibrary">
<doc>Closes the current browser.</doc>
<status status="PASS" starttime="20201027 10:53:59.962" endtime="20201027 10:54:02.273"></status>
</kw>
<status status="PASS" starttime="20201027 10:53:59.962" endtime="20201027 10:54:02.273"></status>
</kw>
<status status="PASS" starttime="20201027 10:53:43.612" endtime="20201027 10:54:02.278" critical="yes"></status>
</test>
<test id="s1-s2-t2" name="Cenario 2:Consultar produto nao existente">
<kw name="Abrir navegador" library="resource" type="setup">
<kw name="Open Browser" library="SeleniumLibrary">
<doc>Opens a new browser instance to the optional ``url``.</doc>
<arguments>
<arg>url:${URL}</arg>
<arg>${BROWSER}</arg>
</arguments>
<msg timestamp="20201027 10:54:02.288" level="INFO">Opening browser 'chrome' to base url 'url:http://automationpractice.com/'.</msg>
<status status="PASS" starttime="20201027 10:54:02.288" endtime="20201027 10:54:05.547"></status>
</kw>
<status status="PASS" starttime="20201027 10:54:02.287" endtime="20201027 10:54:05.547"></status>
</kw>
<kw name="Dado que estão na pagina HOME" library="home">
<kw name="Go To" library="SeleniumLibrary">
<doc>Navigates the current browser window to the provided ``url``.</doc>
<arguments>
<arg>${HOME_URL}</arg>
</arguments>
<msg timestamp="20201027 10:54:05.550" level="INFO">Opening url 'http://automationpractice.com/'</msg>
<status status="PASS" starttime="20201027 10:54:05.549" endtime="20201027 10:54:12.547"></status>
</kw>
<kw name="Set Selenium Implicit Wait" library="SeleniumLibrary">
<doc>Sets the implicit wait value used by Selenium.</doc>
<arguments>
<arg>5</arg>
</arguments>
<status status="PASS" starttime="20201027 10:54:12.548" endtime="20201027 10:54:12.550"></status>
</kw>
<kw name="Title Should Be" library="SeleniumLibrary">
<doc>Verifies that the current page title equals ``title``.</doc>
<arguments>
<arg>${HOME_TITLE_TEXT}</arg>
</arguments>
<msg timestamp="20201027 10:54:12.557" level="INFO">Page title is 'My Store'.</msg>
<status status="PASS" starttime="20201027 10:54:12.550" endtime="20201027 10:54:12.558"></status>
</kw>
<status status="PASS" starttime="20201027 10:54:05.548" endtime="20201027 10:54:12.558"></status>
</kw>
<kw name="Quando pesquiso por &quot;nao existente&quot;" library="home">
<kw name="Input Text" library="SeleniumLibrary">
<doc>Types the given ``text`` into the text field identified by ``locator``.</doc>
<arguments>
<arg>${HOME_SEARCH_BOX}</arg>
<arg>${HOME_PRODUTO}</arg>
</arguments>
<msg timestamp="20201027 10:54:12.559" level="INFO">Typing text 'nao existente' into text field 'xpath=//*[@id="search_query_top"]'.</msg>
<status status="PASS" starttime="20201027 10:54:12.559" endtime="20201027 10:54:12.685"></status>
</kw>
<kw name="Click Button" library="SeleniumLibrary">
<doc>Clicks the button identified by ``locator``.</doc>
<arguments>
<arg>${HOME_BUTOON_SEARCH}</arg>
</arguments>
<msg timestamp="20201027 10:54:12.685" level="INFO">Clicking button 'xpath=//*[@id="searchbox"]/button'.</msg>
<status status="PASS" starttime="20201027 10:54:12.685" endtime="20201027 10:54:12.768"></status>
</kw>
<kw name="Set Selenium Implicit Wait" library="SeleniumLibrary">
<doc>Sets the implicit wait value used by Selenium.</doc>
<arguments>
<arg>5</arg>
</arguments>
<status status="PASS" starttime="20201027 10:54:12.768" endtime="20201027 10:54:12.770"></status>
</kw>
<status status="PASS" starttime="20201027 10:54:12.558" endtime="20201027 10:54:12.770"></status>
</kw>
<kw name="Então a pagina de consulta é aberta com o resultado &quot;0 results have been found.&quot;" library="home">
<kw name="Set Selenium Implicit Wait" library="SeleniumLibrary">
<doc>Sets the implicit wait value used by Selenium.</doc>
<arguments>
<arg>5</arg>
</arguments>
<status status="PASS" starttime="20201027 10:54:12.771" endtime="20201027 10:54:12.773"></status>
</kw>
<kw name="Element Should Contain" library="SeleniumLibrary">
<doc>Verifies that element ``locator`` contains text ``expected``.</doc>
<arguments>
<arg>${HOME_TEXT_CONSULTA}</arg>
<arg>${HOME_PRODUTO}</arg>
</arguments>
<msg timestamp="20201027 10:54:14.346" level="INFO">Element 'xpath=//*[@id="center_column"]/h1/span[1]' contains text '0 results have been found.'.</msg>
<status status="PASS" starttime="20201027 10:54:12.773" endtime="20201027 10:54:14.346"></status>
</kw>
<status status="PASS" starttime="20201027 10:54:12.771" endtime="20201027 10:54:14.347"></status>
</kw>
<kw name="Fechar navegador" library="resource" type="teardown">
<kw name="Close Browser" library="SeleniumLibrary">
<doc>Closes the current browser.</doc>
<status status="PASS" starttime="20201027 10:54:14.348" endtime="20201027 10:54:16.634"></status>
</kw>
<status status="PASS" starttime="20201027 10:54:14.347" endtime="20201027 10:54:16.634"></status>
</kw>
<status status="PASS" starttime="20201027 10:54:02.287" endtime="20201027 10:54:16.634" critical="yes"></status>
</test>
<test id="s1-s2-t3" name="Cenario 3:Adicionar produto carrinho">
<kw name="Abrir navegador" library="resource" type="setup">
<kw name="Open Browser" library="SeleniumLibrary">
<doc>Opens a new browser instance to the optional ``url``.</doc>
<arguments>
<arg>url:${URL}</arg>
<arg>${BROWSER}</arg>
</arguments>
<msg timestamp="20201027 10:54:16.649" level="INFO">Opening browser 'chrome' to base url 'url:http://automationpractice.com/'.</msg>
<status status="PASS" starttime="20201027 10:54:16.648" endtime="20201027 10:54:19.980"></status>
</kw>
<status status="PASS" starttime="20201027 10:54:16.648" endtime="20201027 10:54:19.980"></status>
</kw>
<kw name="Dado que estão na pagina HOME" library="home">
<kw name="Go To" library="SeleniumLibrary">
<doc>Navigates the current browser window to the provided ``url``.</doc>
<arguments>
<arg>${HOME_URL}</arg>
</arguments>
<msg timestamp="20201027 10:54:19.981" level="INFO">Opening url 'http://automationpractice.com/'</msg>
<status status="PASS" starttime="20201027 10:54:19.981" endtime="20201027 10:54:30.805"></status>
</kw>
<kw name="Set Selenium Implicit Wait" library="SeleniumLibrary">
<doc>Sets the implicit wait value used by Selenium.</doc>
<arguments>
<arg>5</arg>
</arguments>
<status status="PASS" starttime="20201027 10:54:30.805" endtime="20201027 10:54:30.807"></status>
</kw>
<kw name="Title Should Be" library="SeleniumLibrary">
<doc>Verifies that the current page title equals ``title``.</doc>
<arguments>
<arg>${HOME_TITLE_TEXT}</arg>
</arguments>
<msg timestamp="20201027 10:54:30.814" level="INFO">Page title is 'My Store'.</msg>
<status status="PASS" starttime="20201027 10:54:30.808" endtime="20201027 10:54:30.814"></status>
</kw>
<status status="PASS" starttime="20201027 10:54:19.981" endtime="20201027 10:54:30.814"></status>
</kw>
<kw name="Quando adiciono &quot;Dress&quot; no carrinho" library="home">
<kw name="Quando pesquiso por &quot;${HOME_PRODUTO}&quot;" library="home">
<kw name="Input Text" library="SeleniumLibrary">
<doc>Types the given ``text`` into the text field identified by ``locator``.</doc>
<arguments>
<arg>${HOME_SEARCH_BOX}</arg>
<arg>${HOME_PRODUTO}</arg>
</arguments>
<msg timestamp="20201027 10:54:30.817" level="INFO">Typing text 'Dress' into text field 'xpath=//*[@id="search_query_top"]'.</msg>
<status status="PASS" starttime="20201027 10:54:30.816" endtime="20201027 10:54:30.938"></status>
</kw>
<kw name="Click Button" library="SeleniumLibrary">
<doc>Clicks the button identified by ``locator``.</doc>
<arguments>
<arg>${HOME_BUTOON_SEARCH}</arg>
</arguments>
<msg timestamp="20201027 10:54:30.939" level="INFO">Clicking button 'xpath=//*[@id="searchbox"]/button'.</msg>
<status status="PASS" starttime="20201027 10:54:30.938" endtime="20201027 10:54:31.047"></status>
</kw>
<kw name="Set Selenium Implicit Wait" library="SeleniumLibrary">
<doc>Sets the implicit wait value used by Selenium.</doc>
<arguments>
<arg>5</arg>
</arguments>
<status status="PASS" starttime="20201027 10:54:31.047" endtime="20201027 10:54:31.049"></status>
</kw>
<status status="PASS" starttime="20201027 10:54:30.816" endtime="20201027 10:54:31.049"></status>
</kw>
<kw name="Set Selenium Implicit Wait" library="SeleniumLibrary">
<doc>Sets the implicit wait value used by Selenium.</doc>
<arguments>
<arg>5</arg>
</arguments>
<status status="PASS" starttime="20201027 10:54:31.049" endtime="20201027 10:54:31.051"></status>
</kw>
<kw name="Click Element" library="SeleniumLibrary">
<doc>Click the element identified by ``locator``.</doc>
<arguments>
<arg>${HOME_ADD_CARD}</arg>
</arguments>
<msg timestamp="20201027 10:54:31.051" level="INFO">Clicking element 'xpath=//*[@title="Add to cart"]'.</msg>
<status status="PASS" starttime="20201027 10:54:31.051" endtime="20201027 10:54:34.515"></status>
</kw>
<kw name="Sleep" library="BuiltIn">
<doc>Pauses the test executed for the given time.</doc>
<arguments>
<arg>2</arg>
</arguments>
<msg timestamp="20201027 10:54:36.529" level="INFO">Slept 2 seconds</msg>
<status status="PASS" starttime="20201027 10:54:34.515" endtime="20201027 10:54:36.530"></status>
</kw>
<status status="PASS" starttime="20201027 10:54:30.815" endtime="20201027 10:54:36.531"></status>
</kw>
<kw name="Então é apresentado o carrinho contendo &quot;Dress&quot;" library="carrinho">
<kw name="Element Should Contain" library="SeleniumLibrary">
<doc>Verifies that element ``locator`` contains text ``expected``.</doc>
<arguments>
<arg>${CARRINHO_FIELD}</arg>
<arg>${CARRINHO_TEXT}</arg>
</arguments>
<kw name="Capture Page Screenshot" library="SeleniumLibrary">
<doc>Takes a screenshot of the current page and embeds it into a log file.</doc>
<msg timestamp="20201027 10:54:36.858" level="INFO" html="yes">&lt;/td&gt;&lt;/tr&gt;&lt;tr&gt;&lt;td colspan="3"&gt;&lt;a href="selenium-screenshot-38.png"&gt;&lt;img src="selenium-screenshot-38.png" width="800px"&gt;&lt;/a&gt;</msg>
<status status="PASS" starttime="20201027 10:54:36.572" endtime="20201027 10:54:36.858"></status>
</kw>
<msg timestamp="20201027 10:54:36.878" level="FAIL">Element 'XPATH=//*[@id="layer_cart_product_title"]' should have contained text 'Dress' but its text was ''.</msg>
<status status="FAIL" starttime="20201027 10:54:36.534" endtime="20201027 10:54:36.878"></status>
</kw>
<status status="FAIL" starttime="20201027 10:54:36.533" endtime="20201027 10:54:36.879"></status>
</kw>
<kw name="Fechar navegador" library="resource" type="teardown">
<kw name="Close Browser" library="SeleniumLibrary">
<doc>Closes the current browser.</doc>
<status status="PASS" starttime="20201027 10:54:36.879" endtime="20201027 10:54:39.199"></status>
</kw>
<status status="PASS" starttime="20201027 10:54:36.879" endtime="20201027 10:54:39.199"></status>
</kw>
<status status="FAIL" starttime="20201027 10:54:16.647" endtime="20201027 10:54:39.199" critical="yes">Element 'XPATH=//*[@id="layer_cart_product_title"]' should have contained text 'Dress' but its text was ''.</status>
</test>
<status status="FAIL" starttime="20201027 10:53:43.589" endtime="20201027 10:54:39.206"></status>
</suite>
<status status="FAIL" starttime="20201027 10:52:30.931" endtime="20201027 10:54:39.211"></status>
</suite>
<statistics>
<total>
<stat pass="5" fail="1">Critical Tests</stat>
<stat pass="5" fail="1">All Tests</stat>
</total>
<tag>
</tag>
<suite>
<stat pass="5" fail="1" id="s1" name="Test-Case">Test-Case</stat>
<stat pass="3" fail="0" id="s1-s1" name="Cadastro usuario">Test-Case.Cadastro usuario</stat>
<stat pass="2" fail="1" id="s1-s2" name="Consulta produto">Test-Case.Consulta produto</stat>
</suite>
</statistics>
<errors>
</errors>
</robot>
