<?xml version="1.0" encoding="UTF-8"?>
<robot generator="Robot 3.2.2 (Python 3.7.4 on win32)" generated="20201208 17:12:23.572" rpa="false">
<suite id="s1" name="Test-Case" source="D:\PageObjectExample\Test\Funcional\test-case">
<suite id="s1-s1" name="Cadastro usuario" source="D:\PageObjectExample\Test\Funcional\test-case\Cadastro_usuario.robot">
<test id="s1-s1-t1" name="Cenario 1: Abrir tela de cadastro">
<kw name="Abrir navegador" library="resource" type="setup">
<kw name="Open Browser" library="SeleniumLibrary">
<doc>Opens a new browser instance to the optional ``url``.</doc>
<arguments>
<arg>url:</arg>
<arg>${BROWSER}</arg>
</arguments>
<msg timestamp="20201208 17:12:25.015" level="INFO">Opening browser 'chrome' to base url 'url:'.</msg>
<status status="PASS" starttime="20201208 17:12:25.015" endtime="20201208 17:12:29.228"></status>
</kw>
<status status="PASS" starttime="20201208 17:12:25.014" endtime="20201208 17:12:29.229"></status>
</kw>
<kw name="Dado que estou na pagina home" library="home">
<kw name="Go To" library="SeleniumLibrary">
<doc>Navigates the current browser window to the provided ``url``.</doc>
<arguments>
<arg>${HOME_URL}</arg>
</arguments>
<msg timestamp="20201208 17:12:29.234" level="INFO">Opening url 'http://automationpractice.com/'</msg>
<status status="PASS" starttime="20201208 17:12:29.233" endtime="20201208 17:12:43.050"></status>
</kw>
<kw name="Set Selenium Implicit Wait" library="SeleniumLibrary">
<doc>Sets the implicit wait value used by Selenium.</doc>
<arguments>
<arg>5</arg>
</arguments>
<status status="PASS" starttime="20201208 17:12:43.051" endtime="20201208 17:12:43.053"></status>
</kw>
<kw name="Title Should Be" library="SeleniumLibrary">
<doc>Verifies that the current page title equals ``title``.</doc>
<arguments>
<arg>${HOME_TITLE_TEXT}</arg>
</arguments>
<msg timestamp="20201208 17:12:43.065" level="INFO">Page title is 'My Store'.</msg>
<status status="PASS" starttime="20201208 17:12:43.054" endtime="20201208 17:12:43.065"></status>
</kw>
<status status="PASS" starttime="20201208 17:12:29.232" endtime="20201208 17:12:43.065"></status>
</kw>
<kw name="Quando seleciono Sign-in" library="home">
<kw name="Click Element" library="SeleniumLibrary">
<doc>Click the element identified by ``locator``.</doc>
<arguments>
<arg>${HOME_BUTTON_SIGIN}</arg>
</arguments>
<msg timestamp="20201208 17:12:43.067" level="INFO">Clicking element 'xpath=//a[@class="login"]'.</msg>
<status status="PASS" starttime="20201208 17:12:43.067" endtime="20201208 17:12:46.301"></status>
</kw>
<kw name="Set Selenium Implicit Wait" library="SeleniumLibrary">
<doc>Sets the implicit wait value used by Selenium.</doc>
<arguments>
<arg>5</arg>
</arguments>
<status status="PASS" starttime="20201208 17:12:46.302" endtime="20201208 17:12:46.304"></status>
</kw>
<status status="PASS" starttime="20201208 17:12:43.066" endtime="20201208 17:12:46.304"></status>
</kw>
<kw name="Entao e apresentada tela de autenticacao" library="autenticacao">
<kw name="Element Should Contain" library="SeleniumLibrary">
<doc>Verifies that element ``locator`` contains text ``expected``.</doc>
<arguments>
<arg>${AUTENTICACAO_PAGE_HEAD}</arg>
<arg>AUTHENTICATION</arg>
</arguments>
<msg timestamp="20201208 17:12:46.334" level="INFO">Element 'xpath=//*[@class="page-heading"]' contains text 'AUTHENTICATION'.</msg>
<status status="PASS" starttime="20201208 17:12:46.305" endtime="20201208 17:12:46.335"></status>
</kw>
<kw name="Set Selenium Implicit Wait" library="SeleniumLibrary">
<doc>Sets the implicit wait value used by Selenium.</doc>
<arguments>
<arg>5</arg>
</arguments>
<status status="PASS" starttime="20201208 17:12:46.335" endtime="20201208 17:12:46.337"></status>
</kw>
<kw name="Generate Random String" library="String">
<doc>Generates a string with a desired ``length`` from the given ``chars``.</doc>
<arguments>
<arg>8</arg>
</arguments>
<assign>
<var>${text}</var>
</assign>
<msg timestamp="20201208 17:12:46.337" level="INFO">${text} = MOcbsewr</msg>
<status status="PASS" starttime="20201208 17:12:46.337" endtime="20201208 17:12:46.337"></status>
</kw>
<kw name="Capture Page Screenshot" library="SeleniumLibrary">
<doc>Takes a screenshot of the current page and embeds it into a log file.</doc>
<arguments>
<arg>${text}.png</arg>
</arguments>
<msg timestamp="20201208 17:12:46.607" level="INFO" html="yes">&lt;/td&gt;&lt;/tr&gt;&lt;tr&gt;&lt;td colspan="3"&gt;&lt;a href="MOcbsewr.png"&gt;&lt;img src="MOcbsewr.png" width="800px"&gt;&lt;/a&gt;</msg>
<status status="PASS" starttime="20201208 17:12:46.337" endtime="20201208 17:12:46.608"></status>
</kw>
<status status="PASS" starttime="20201208 17:12:46.305" endtime="20201208 17:12:46.608"></status>
</kw>
<kw name="Fechar navegador" library="resource" type="teardown">
<kw name="Capture Page Screenshot" library="SeleniumLibrary">
<doc>Takes a screenshot of the current page and embeds it into a log file.</doc>
<msg timestamp="20201208 17:12:46.890" level="INFO" html="yes">&lt;/td&gt;&lt;/tr&gt;&lt;tr&gt;&lt;td colspan="3"&gt;&lt;a href="selenium-screenshot-74.png"&gt;&lt;img src="selenium-screenshot-74.png" width="800px"&gt;&lt;/a&gt;</msg>
<status status="PASS" starttime="20201208 17:12:46.609" endtime="20201208 17:12:46.891"></status>
</kw>
<kw name="Close Browser" library="SeleniumLibrary">
<doc>Closes the current browser.</doc>
<status status="PASS" starttime="20201208 17:12:46.891" endtime="20201208 17:12:49.251"></status>
</kw>
<status status="PASS" starttime="20201208 17:12:46.609" endtime="20201208 17:12:49.251"></status>
</kw>
<status status="PASS" starttime="20201208 17:12:25.012" endtime="20201208 17:12:49.252" critical="yes"></status>
</test>
<test id="s1-s1-t2" name="Cenario 2: Acessar formulario para novo cadastro">
<kw name="Abrir navegador" library="resource" type="setup">
<kw name="Open Browser" library="SeleniumLibrary">
<doc>Opens a new browser instance to the optional ``url``.</doc>
<arguments>
<arg>url:</arg>
<arg>${BROWSER}</arg>
</arguments>
<msg timestamp="20201208 17:12:49.260" level="INFO">Opening browser 'chrome' to base url 'url:'.</msg>
<status status="PASS" starttime="20201208 17:12:49.260" endtime="20201208 17:12:52.974"></status>
</kw>
<status status="PASS" starttime="20201208 17:12:49.259" endtime="20201208 17:12:52.975"></status>
</kw>
<kw name="Dado que estou na pagina de autenticação" library="autenticacao">
<kw name="Dado que estou na pagina home" library="home">
<kw name="Go To" library="SeleniumLibrary">
<doc>Navigates the current browser window to the provided ``url``.</doc>
<arguments>
<arg>${HOME_URL}</arg>
</arguments>
<msg timestamp="20201208 17:12:52.979" level="INFO">Opening url 'http://automationpractice.com/'</msg>
<status status="PASS" starttime="20201208 17:12:52.978" endtime="20201208 17:13:04.048"></status>
</kw>
<kw name="Set Selenium Implicit Wait" library="SeleniumLibrary">
<doc>Sets the implicit wait value used by Selenium.</doc>
<arguments>
<arg>5</arg>
</arguments>
<status status="PASS" starttime="20201208 17:13:04.048" endtime="20201208 17:13:04.051"></status>
</kw>
<kw name="Title Should Be" library="SeleniumLibrary">
<doc>Verifies that the current page title equals ``title``.</doc>
<arguments>
<arg>${HOME_TITLE_TEXT}</arg>
</arguments>
<msg timestamp="20201208 17:13:04.062" level="INFO">Page title is 'My Store'.</msg>
<status status="PASS" starttime="20201208 17:13:04.052" endtime="20201208 17:13:04.062"></status>
</kw>
<status status="PASS" starttime="20201208 17:12:52.977" endtime="20201208 17:13:04.062"></status>
</kw>
<kw name="Quando seleciono Sign-in" library="home">
<kw name="Click Element" library="SeleniumLibrary">
<doc>Click the element identified by ``locator``.</doc>
<arguments>
<arg>${HOME_BUTTON_SIGIN}</arg>
</arguments>
<msg timestamp="20201208 17:13:04.064" level="INFO">Clicking element 'xpath=//a[@class="login"]'.</msg>
<status status="PASS" starttime="20201208 17:13:04.063" endtime="20201208 17:13:07.578"></status>
</kw>
<kw name="Set Selenium Implicit Wait" library="SeleniumLibrary">
<doc>Sets the implicit wait value used by Selenium.</doc>
<arguments>
<arg>5</arg>
</arguments>
<status status="PASS" starttime="20201208 17:13:07.578" endtime="20201208 17:13:07.581"></status>
</kw>
<status status="PASS" starttime="20201208 17:13:04.063" endtime="20201208 17:13:07.581"></status>
</kw>
<kw name="Entao e apresentada tela de autenticacao" library="autenticacao">
<kw name="Element Should Contain" library="SeleniumLibrary">
<doc>Verifies that element ``locator`` contains text ``expected``.</doc>
<arguments>
<arg>${AUTENTICACAO_PAGE_HEAD}</arg>
<arg>AUTHENTICATION</arg>
</arguments>
<msg timestamp="20201208 17:13:07.638" level="INFO">Element 'xpath=//*[@class="page-heading"]' contains text 'AUTHENTICATION'.</msg>
<status status="PASS" starttime="20201208 17:13:07.582" endtime="20201208 17:13:07.639"></status>
</kw>
<kw name="Set Selenium Implicit Wait" library="SeleniumLibrary">
<doc>Sets the implicit wait value used by Selenium.</doc>
<arguments>
<arg>5</arg>
</arguments>
<status status="PASS" starttime="20201208 17:13:07.639" endtime="20201208 17:13:07.642"></status>
</kw>
<kw name="Generate Random String" library="String">
<doc>Generates a string with a desired ``length`` from the given ``chars``.</doc>
<arguments>
<arg>8</arg>
</arguments>
<assign>
<var>${text}</var>
</assign>
<msg timestamp="20201208 17:13:07.643" level="INFO">${text} = q3oY7Iie</msg>
<status status="PASS" starttime="20201208 17:13:07.643" endtime="20201208 17:13:07.644"></status>
</kw>
<kw name="Capture Page Screenshot" library="SeleniumLibrary">
<doc>Takes a screenshot of the current page and embeds it into a log file.</doc>
<arguments>
<arg>${text}.png</arg>
</arguments>
<msg timestamp="20201208 17:13:07.925" level="INFO" html="yes">&lt;/td&gt;&lt;/tr&gt;&lt;tr&gt;&lt;td colspan="3"&gt;&lt;a href="q3oY7Iie.png"&gt;&lt;img src="q3oY7Iie.png" width="800px"&gt;&lt;/a&gt;</msg>
<status status="PASS" starttime="20201208 17:13:07.644" endtime="20201208 17:13:07.926"></status>
</kw>
<status status="PASS" starttime="20201208 17:13:07.581" endtime="20201208 17:13:07.926"></status>
</kw>
<status status="PASS" starttime="20201208 17:12:52.977" endtime="20201208 17:13:07.926"></status>
</kw>
<kw name="Quando informo o email &quot;V@A.COM&quot; para cadastro" library="autenticacao">
<kw name="Generate Random String" library="String">
<doc>Generates a string with a desired ``length`` from the given ``chars``.</doc>
<assign>
<var>${AUTENTICACAO_EMAIL_TEXT}</var>
</assign>
<msg timestamp="20201208 17:13:07.928" level="INFO">${AUTENTICACAO_EMAIL_TEXT} = UFPvsx5O</msg>
<status status="PASS" starttime="20201208 17:13:07.928" endtime="20201208 17:13:07.928"></status>
</kw>
<kw name="Input Text" library="SeleniumLibrary">
<doc>Types the given ``text`` into the text field identified by ``locator``.</doc>
<arguments>
<arg>${AUTENTICACAO_FIELD_EMAIL}</arg>
<arg>${AUTENTICACAO_EMAIL_TEXT}@a.com</arg>
</arguments>
<msg timestamp="20201208 17:13:07.929" level="INFO">Typing text 'UFPvsx5O@a.com' into text field 'xpath=//*[@id="email_create"]'.</msg>
<status status="PASS" starttime="20201208 17:13:07.929" endtime="20201208 17:13:08.105"></status>
</kw>
<kw name="Click Element" library="SeleniumLibrary">
<doc>Click the element identified by ``locator``.</doc>
<arguments>
<arg>${AUTENTICACAO_BUTTON_SUBMIT}</arg>
</arguments>
<msg timestamp="20201208 17:13:08.107" level="INFO">Clicking element 'xpath=//*[@id="SubmitCreate"]'.</msg>
<status status="PASS" starttime="20201208 17:13:08.106" endtime="20201208 17:13:08.239"></status>
</kw>
<kw name="Set Selenium Implicit Wait" library="SeleniumLibrary">
<doc>Sets the implicit wait value used by Selenium.</doc>
<arguments>
<arg>5</arg>
</arguments>
<status status="PASS" starttime="20201208 17:13:08.239" endtime="20201208 17:13:08.242"></status>
</kw>
<status status="PASS" starttime="20201208 17:13:07.927" endtime="20201208 17:13:08.242"></status>
</kw>
<kw name="Então é apresentado formulario de cadastro" library="cadastro">
<kw name="Element Should Contain" library="SeleniumLibrary">
<doc>Verifies that element ``locator`` contains text ``expected``.</doc>
<arguments>
<arg>${CADASTRO_NAVIGATION_PAGE}</arg>
<arg>Authentication</arg>
</arguments>
<msg timestamp="20201208 17:13:08.287" level="INFO">Element '//*[@class="navigation_page"]' contains text 'Authentication'.</msg>
<status status="PASS" starttime="20201208 17:13:08.244" endtime="20201208 17:13:08.287"></status>
</kw>
<status status="PASS" starttime="20201208 17:13:08.243" endtime="20201208 17:13:08.288"></status>
</kw>
<kw name="Fechar navegador" library="resource" type="teardown">
<kw name="Capture Page Screenshot" library="SeleniumLibrary">
<doc>Takes a screenshot of the current page and embeds it into a log file.</doc>
<msg timestamp="20201208 17:13:08.624" level="INFO" html="yes">&lt;/td&gt;&lt;/tr&gt;&lt;tr&gt;&lt;td colspan="3"&gt;&lt;a href="selenium-screenshot-75.png"&gt;&lt;img src="selenium-screenshot-75.png" width="800px"&gt;&lt;/a&gt;</msg>
<status status="PASS" starttime="20201208 17:13:08.290" endtime="20201208 17:13:08.624"></status>
</kw>
<kw name="Close Browser" library="SeleniumLibrary">
<doc>Closes the current browser.</doc>
<status status="PASS" starttime="20201208 17:13:08.624" endtime="20201208 17:13:11.159"></status>
</kw>
<status status="PASS" starttime="20201208 17:13:08.289" endtime="20201208 17:13:11.159"></status>
</kw>
<status status="PASS" starttime="20201208 17:12:49.258" endtime="20201208 17:13:11.160" critical="yes"></status>
</test>
<test id="s1-s1-t3" name="Cenario 3:Preencher formulario para novo cadastro">
<kw name="Abrir navegador" library="resource" type="setup">
<kw name="Open Browser" library="SeleniumLibrary">
<doc>Opens a new browser instance to the optional ``url``.</doc>
<arguments>
<arg>url:</arg>
<arg>${BROWSER}</arg>
</arguments>
<msg timestamp="20201208 17:13:11.168" level="INFO">Opening browser 'chrome' to base url 'url:'.</msg>
<status status="PASS" starttime="20201208 17:13:11.168" endtime="20201208 17:13:15.027"></status>
</kw>
<status status="PASS" starttime="20201208 17:13:11.167" endtime="20201208 17:13:15.027"></status>
</kw>
<kw name="Dado que estou na tela de cadastro" library="cadastro">
<kw name="Dado que estou na pagina de autenticação" library="autenticacao">
<kw name="Dado que estou na pagina home" library="home">
<kw name="Go To" library="SeleniumLibrary">
<doc>Navigates the current browser window to the provided ``url``.</doc>
<arguments>
<arg>${HOME_URL}</arg>
</arguments>
<msg timestamp="20201208 17:13:15.036" level="INFO">Opening url 'http://automationpractice.com/'</msg>
<status status="PASS" starttime="20201208 17:13:15.035" endtime="20201208 17:13:22.207"></status>
</kw>
<kw name="Set Selenium Implicit Wait" library="SeleniumLibrary">
<doc>Sets the implicit wait value used by Selenium.</doc>
<arguments>
<arg>5</arg>
</arguments>
<status status="PASS" starttime="20201208 17:13:22.207" endtime="20201208 17:13:22.211"></status>
</kw>
<kw name="Title Should Be" library="SeleniumLibrary">
<doc>Verifies that the current page title equals ``title``.</doc>
<arguments>
<arg>${HOME_TITLE_TEXT}</arg>
</arguments>
<msg timestamp="20201208 17:13:22.218" level="INFO">Page title is 'My Store'.</msg>
<status status="PASS" starttime="20201208 17:13:22.211" endtime="20201208 17:13:22.219"></status>
</kw>
<status status="PASS" starttime="20201208 17:13:15.035" endtime="20201208 17:13:22.219"></status>
</kw>
<kw name="Quando seleciono Sign-in" library="home">
<kw name="Click Element" library="SeleniumLibrary">
<doc>Click the element identified by ``locator``.</doc>
<arguments>
<arg>${HOME_BUTTON_SIGIN}</arg>
</arguments>
<msg timestamp="20201208 17:13:22.221" level="INFO">Clicking element 'xpath=//a[@class="login"]'.</msg>
<status status="PASS" starttime="20201208 17:13:22.220" endtime="20201208 17:13:24.509"></status>
</kw>
<kw name="Set Selenium Implicit Wait" library="SeleniumLibrary">
<doc>Sets the implicit wait value used by Selenium.</doc>
<arguments>
<arg>5</arg>
</arguments>
<status status="PASS" starttime="20201208 17:13:24.509" endtime="20201208 17:13:24.512"></status>
</kw>
<status status="PASS" starttime="20201208 17:13:22.219" endtime="20201208 17:13:24.512"></status>
</kw>
<kw name="Entao e apresentada tela de autenticacao" library="autenticacao">
<kw name="Element Should Contain" library="SeleniumLibrary">
<doc>Verifies that element ``locator`` contains text ``expected``.</doc>
<arguments>
<arg>${AUTENTICACAO_PAGE_HEAD}</arg>
<arg>AUTHENTICATION</arg>
</arguments>
<msg timestamp="20201208 17:13:24.541" level="INFO">Element 'xpath=//*[@class="page-heading"]' contains text 'AUTHENTICATION'.</msg>
<status status="PASS" starttime="20201208 17:13:24.513" endtime="20201208 17:13:24.541"></status>
</kw>
<kw name="Set Selenium Implicit Wait" library="SeleniumLibrary">
<doc>Sets the implicit wait value used by Selenium.</doc>
<arguments>
<arg>5</arg>
</arguments>
<status status="PASS" starttime="20201208 17:13:24.541" endtime="20201208 17:13:24.543"></status>
</kw>
<kw name="Generate Random String" library="String">
<doc>Generates a string with a desired ``length`` from the given ``chars``.</doc>
<arguments>
<arg>8</arg>
</arguments>
<assign>
<var>${text}</var>
</assign>
<msg timestamp="20201208 17:13:24.544" level="INFO">${text} = W6WsxQI0</msg>
<status status="PASS" starttime="20201208 17:13:24.543" endtime="20201208 17:13:24.544"></status>
</kw>
<kw name="Capture Page Screenshot" library="SeleniumLibrary">
<doc>Takes a screenshot of the current page and embeds it into a log file.</doc>
<arguments>
<arg>${text}.png</arg>
</arguments>
<msg timestamp="20201208 17:13:24.820" level="INFO" html="yes">&lt;/td&gt;&lt;/tr&gt;&lt;tr&gt;&lt;td colspan="3"&gt;&lt;a href="W6WsxQI0.png"&gt;&lt;img src="W6WsxQI0.png" width="800px"&gt;&lt;/a&gt;</msg>
<status status="PASS" starttime="20201208 17:13:24.544" endtime="20201208 17:13:24.820"></status>
</kw>
<status status="PASS" starttime="20201208 17:13:24.512" endtime="20201208 17:13:24.820"></status>
</kw>
<status status="PASS" starttime="20201208 17:13:15.034" endtime="20201208 17:13:24.820"></status>
</kw>
<kw name="Quando informo o email &quot;${AUTENTICACAO_EMAIL_TEXT}&quot; para cadastro" library="autenticacao">
<kw name="Generate Random String" library="String">
<doc>Generates a string with a desired ``length`` from the given ``chars``.</doc>
<assign>
<var>${AUTENTICACAO_EMAIL_TEXT}</var>
</assign>
<msg timestamp="20201208 17:13:24.821" level="INFO">${AUTENTICACAO_EMAIL_TEXT} = SADcFrsl</msg>
<status status="PASS" starttime="20201208 17:13:24.821" endtime="20201208 17:13:24.821"></status>
</kw>
<kw name="Input Text" library="SeleniumLibrary">
<doc>Types the given ``text`` into the text field identified by ``locator``.</doc>
<arguments>
<arg>${AUTENTICACAO_FIELD_EMAIL}</arg>
<arg>${AUTENTICACAO_EMAIL_TEXT}@a.com</arg>
</arguments>
<msg timestamp="20201208 17:13:24.822" level="INFO">Typing text 'SADcFrsl@a.com' into text field 'xpath=//*[@id="email_create"]'.</msg>
<status status="PASS" starttime="20201208 17:13:24.822" endtime="20201208 17:13:24.929"></status>
</kw>
<kw name="Click Element" library="SeleniumLibrary">
<doc>Click the element identified by ``locator``.</doc>
<arguments>
<arg>${AUTENTICACAO_BUTTON_SUBMIT}</arg>
</arguments>
<msg timestamp="20201208 17:13:24.929" level="INFO">Clicking element 'xpath=//*[@id="SubmitCreate"]'.</msg>
<status status="PASS" starttime="20201208 17:13:24.929" endtime="20201208 17:13:25.009"></status>
</kw>
<kw name="Set Selenium Implicit Wait" library="SeleniumLibrary">
<doc>Sets the implicit wait value used by Selenium.</doc>
<arguments>
<arg>5</arg>
</arguments>
<status status="PASS" starttime="20201208 17:13:25.009" endtime="20201208 17:13:25.011"></status>
</kw>
<status status="PASS" starttime="20201208 17:13:24.821" endtime="20201208 17:13:25.011"></status>
</kw>
<kw name="Então é apresentado formulario de cadastro" library="cadastro">
<kw name="Element Should Contain" library="SeleniumLibrary">
<doc>Verifies that element ``locator`` contains text ``expected``.</doc>
<arguments>
<arg>${CADASTRO_NAVIGATION_PAGE}</arg>
<arg>Authentication</arg>
</arguments>
<msg timestamp="20201208 17:13:25.044" level="INFO">Element '//*[@class="navigation_page"]' contains text 'Authentication'.</msg>
<status status="PASS" starttime="20201208 17:13:25.012" endtime="20201208 17:13:25.044"></status>
</kw>
<status status="PASS" starttime="20201208 17:13:25.011" endtime="20201208 17:13:25.045"></status>
</kw>
<status status="PASS" starttime="20201208 17:13:15.033" endtime="20201208 17:13:25.045"></status>
</kw>
<kw name="Quando preencho as informações corretamente" library="cadastro">
<arguments>
<arg>Thiago</arg>
</arguments>
<kw name="Click Element" library="SeleniumLibrary">
<doc>Click the element identified by ``locator``.</doc>
<arguments>
<arg>${CADASTRO_GENERO}</arg>
</arguments>
<msg timestamp="20201208 17:13:25.047" level="INFO">Clicking element '//*[@id="id_gender1"]'.</msg>
<status status="PASS" starttime="20201208 17:13:25.047" endtime="20201208 17:13:27.005"></status>
</kw>
<kw name="Input Text" library="SeleniumLibrary">
<doc>Types the given ``text`` into the text field identified by ``locator``.</doc>
<arguments>
<arg>${CADASTRO_FIRTNAME}</arg>
<arg>${name}</arg>
</arguments>
<msg timestamp="20201208 17:13:27.006" level="INFO">Typing text 'Thiago' into text field '//*[@id="customer_firstname"]'.</msg>
<status status="PASS" starttime="20201208 17:13:27.006" endtime="20201208 17:13:27.159"></status>
</kw>
<kw name="Input Text" library="SeleniumLibrary">
<doc>Types the given ``text`` into the text field identified by ``locator``.</doc>
<arguments>
<arg>${CADASTRO_LASTNAME}</arg>
<arg>${last_name}</arg>
</arguments>
<msg timestamp="20201208 17:13:27.160" level="INFO">Typing text 'Alves' into text field '//*[@id="customer_lastname"]'.</msg>
<status status="PASS" starttime="20201208 17:13:27.160" endtime="20201208 17:13:27.287"></status>
</kw>
<kw name="Input Text" library="SeleniumLibrary">
<doc>Types the given ``text`` into the text field identified by ``locator``.</doc>
<arguments>
<arg>${CADASTRO_SENHA}</arg>
<arg>${senha}</arg>
</arguments>
<msg timestamp="20201208 17:13:27.288" level="INFO">Typing text 'hentai' into text field '//*[@id="passwd"]'.</msg>
<status status="PASS" starttime="20201208 17:13:27.287" endtime="20201208 17:13:27.423"></status>
</kw>
<kw name="Select From List By Value" library="SeleniumLibrary">
<doc>Selects options from selection list ``locator`` by ``values``.</doc>
<arguments>
<arg>${CADASTRO_DIA}</arg>
<arg>${dia}</arg>
</arguments>
<msg timestamp="20201208 17:13:27.424" level="INFO">Selecting options from selection list '//*[@id="days"]' by value 3.</msg>
<status status="PASS" starttime="20201208 17:13:27.423" endtime="20201208 17:13:27.613"></status>
</kw>
<kw name="Select From List By Value" library="SeleniumLibrary">
<doc>Selects options from selection list ``locator`` by ``values``.</doc>
<arguments>
<arg>${CADASTRO_MES}</arg>
<arg>${mes}</arg>
</arguments>
<msg timestamp="20201208 17:13:27.614" level="INFO">Selecting options from selection list '//*[@id="months"]' by value 9.</msg>
<status status="PASS" starttime="20201208 17:13:27.613" endtime="20201208 17:13:27.725"></status>
</kw>
<kw name="Select From List By Value" library="SeleniumLibrary">
<doc>Selects options from selection list ``locator`` by ``values``.</doc>
<arguments>
<arg>${CADASTRO_ANO}</arg>
<arg>${ano}</arg>
</arguments>
<msg timestamp="20201208 17:13:27.726" level="INFO">Selecting options from selection list '//*[@id="years"]' by value 1983.</msg>
<status status="PASS" starttime="20201208 17:13:27.726" endtime="20201208 17:13:27.823"></status>
</kw>
<kw name="Input Text" library="SeleniumLibrary">
<doc>Types the given ``text`` into the text field identified by ``locator``.</doc>
<arguments>
<arg>${CADASTRO_FIRTNAME_ADDRESS}</arg>
<arg>${fist_name_adress}</arg>
</arguments>
<msg timestamp="20201208 17:13:27.824" level="INFO">Typing text 'Vanderlan' into text field '//*[@id="firstname"]'.</msg>
<status status="PASS" starttime="20201208 17:13:27.823" endtime="20201208 17:13:27.979"></status>
</kw>
<kw name="Input Text" library="SeleniumLibrary">
<doc>Types the given ``text`` into the text field identified by ``locator``.</doc>
<arguments>
<arg>${CADASTRO_LASTNAME_ADDRESS}</arg>
<arg>${last_name_adress}</arg>
</arguments>
<msg timestamp="20201208 17:13:27.979" level="INFO">Typing text 'Alves' into text field '//*[@id="lastname"]'.</msg>
<status status="PASS" starttime="20201208 17:13:27.979" endtime="20201208 17:13:28.115"></status>
</kw>
<kw name="Input Text" library="SeleniumLibrary">
<doc>Types the given ``text`` into the text field identified by ``locator``.</doc>
<arguments>
<arg>${CADASTRO_COMPANY}</arg>
<arg>${company}</arg>
</arguments>
<msg timestamp="20201208 17:13:28.115" level="INFO">Typing text 'CLARO' into text field '//*[@id="company"]'.</msg>
<status status="PASS" starttime="20201208 17:13:28.115" endtime="20201208 17:13:28.231"></status>
</kw>
<kw name="Input Text" library="SeleniumLibrary">
<doc>Types the given ``text`` into the text field identified by ``locator``.</doc>
<arguments>
<arg>${CADASTRO_ADDRESS}</arg>
<arg>${adress}</arg>
</arguments>
<msg timestamp="20201208 17:13:28.232" level="INFO">Typing text 'Godofredo Fraga' into text field '//*[@id="address1"]'.</msg>
<status status="PASS" starttime="20201208 17:13:28.232" endtime="20201208 17:13:28.372"></status>
</kw>
<kw name="Input Text" library="SeleniumLibrary">
<doc>Types the given ``text`` into the text field identified by ``locator``.</doc>
<arguments>
<arg>${CADASTRO_CITY}</arg>
<arg>${city}</arg>
</arguments>
<msg timestamp="20201208 17:13:28.373" level="INFO">Typing text 'São Paulo' into text field '//*[@id="city"]'.</msg>
<status status="PASS" starttime="20201208 17:13:28.373" endtime="20201208 17:13:28.520"></status>
</kw>
<kw name="Select From List By Value" library="SeleniumLibrary">
<doc>Selects options from selection list ``locator`` by ``values``.</doc>
<arguments>
<arg>${CADASTRO_STATE}</arg>
<arg>${state}</arg>
</arguments>
<msg timestamp="20201208 17:13:28.522" level="INFO">Selecting options from selection list '//*[@id="id_state"]' by value 40.</msg>
<status status="PASS" starttime="20201208 17:13:28.521" endtime="20201208 17:13:28.623"></status>
</kw>
<kw name="Input Text" library="SeleniumLibrary">
<doc>Types the given ``text`` into the text field identified by ``locator``.</doc>
<arguments>
<arg>${CADASTRO_POSTCODE}</arg>
<arg>${postcode}</arg>
</arguments>
<msg timestamp="20201208 17:13:28.624" level="INFO">Typing text '05475' into text field '//*[@id="postcode"]'.</msg>
<status status="PASS" starttime="20201208 17:13:28.624" endtime="20201208 17:13:28.749"></status>
</kw>
<kw name="Select From List By Value" library="SeleniumLibrary">
<doc>Selects options from selection list ``locator`` by ``values``.</doc>
<arguments>
<arg>${CADASTRO_COUNTRY}</arg>
<arg>${country}</arg>
</arguments>
<msg timestamp="20201208 17:13:28.750" level="INFO">Selecting options from selection list '//*[@id="id_country"]' by value 21.</msg>
<status status="PASS" starttime="20201208 17:13:28.749" endtime="20201208 17:13:28.812"></status>
</kw>
<kw name="Input Text" library="SeleniumLibrary">
<doc>Types the given ``text`` into the text field identified by ``locator``.</doc>
<arguments>
<arg>${CADASTRO_PHONE_MOBILE}</arg>
<arg>${phone_mobile}</arg>
</arguments>
<msg timestamp="20201208 17:13:28.813" level="INFO">Typing text '970164830' into text field '//*[@id="phone_mobile"]'.</msg>
<status status="PASS" starttime="20201208 17:13:28.813" endtime="20201208 17:13:28.936"></status>
</kw>
<kw name="Input Text" library="SeleniumLibrary">
<doc>Types the given ``text`` into the text field identified by ``locator``.</doc>
<arguments>
<arg>${CADASTRO_ALIAS}</arg>
<arg>${alias}</arg>
</arguments>
<msg timestamp="20201208 17:13:28.937" level="INFO">Typing text 'Casa' into text field '//*[@id="alias"]'.</msg>
<status status="PASS" starttime="20201208 17:13:28.936" endtime="20201208 17:13:29.049"></status>
</kw>
<kw name="Click Button" library="SeleniumLibrary">
<doc>Clicks the button identified by ``locator``.</doc>
<arguments>
<arg>${CADASTRO_BUTTON_SUBMIT}</arg>
</arguments>
<msg timestamp="20201208 17:13:29.050" level="INFO">Clicking button '//*[@id="submitAccount"]'.</msg>
<status status="PASS" starttime="20201208 17:13:29.050" endtime="20201208 17:13:31.326"></status>
</kw>
<kw name="Set Selenium Implicit Wait" library="SeleniumLibrary">
<doc>Sets the implicit wait value used by Selenium.</doc>
<arguments>
<arg>5</arg>
</arguments>
<status status="PASS" starttime="20201208 17:13:31.327" endtime="20201208 17:13:31.329"></status>
</kw>
<status status="PASS" starttime="20201208 17:13:25.046" endtime="20201208 17:13:31.329"></status>
</kw>
<kw name="Então o cadsatro ocorre com sucesso" library="account">
<kw name="Element Should Contain" library="SeleniumLibrary">
<doc>Verifies that element ``locator`` contains text ``expected``.</doc>
<arguments>
<arg>${ACCOUNT_PAGE_HEAD}</arg>
<arg>My account</arg>
<arg>none</arg>
<arg>true</arg>
</arguments>
<msg timestamp="20201208 17:13:31.361" level="INFO">Element 'xpath=//*[@id="center_column"]/h1' contains text 'My account'.</msg>
<status status="PASS" starttime="20201208 17:13:31.330" endtime="20201208 17:13:31.361"></status>
</kw>
<status status="PASS" starttime="20201208 17:13:31.330" endtime="20201208 17:13:31.361"></status>
</kw>
<kw name="Fechar navegador" library="resource" type="teardown">
<kw name="Capture Page Screenshot" library="SeleniumLibrary">
<doc>Takes a screenshot of the current page and embeds it into a log file.</doc>
<msg timestamp="20201208 17:13:31.655" level="INFO" html="yes">&lt;/td&gt;&lt;/tr&gt;&lt;tr&gt;&lt;td colspan="3"&gt;&lt;a href="selenium-screenshot-76.png"&gt;&lt;img src="selenium-screenshot-76.png" width="800px"&gt;&lt;/a&gt;</msg>
<status status="PASS" starttime="20201208 17:13:31.362" endtime="20201208 17:13:31.655"></status>
</kw>
<kw name="Close Browser" library="SeleniumLibrary">
<doc>Closes the current browser.</doc>
<status status="PASS" starttime="20201208 17:13:31.655" endtime="20201208 17:13:34.080"></status>
</kw>
<status status="PASS" starttime="20201208 17:13:31.362" endtime="20201208 17:13:34.081"></status>
</kw>
<status status="PASS" starttime="20201208 17:13:11.166" endtime="20201208 17:13:34.081" critical="yes"></status>
</test>
<status status="PASS" starttime="20201208 17:12:23.660" endtime="20201208 17:13:34.088"></status>
</suite>
<suite id="s1-s2" name="Consultar produto" source="D:\PageObjectExample\Test\Funcional\test-case\Consultar_produto.robot">
<test id="s1-s2-t1" name="Cenario 1:Consultar produto existente">
<kw name="Abrir navegador" library="resource" type="setup">
<kw name="Open Browser" library="SeleniumLibrary">
<doc>Opens a new browser instance to the optional ``url``.</doc>
<arguments>
<arg>url:</arg>
<arg>${BROWSER}</arg>
</arguments>
<msg timestamp="20201208 17:13:34.128" level="INFO">Opening browser 'chrome' to base url 'url:'.</msg>
<status status="PASS" starttime="20201208 17:13:34.128" endtime="20201208 17:13:38.249"></status>
</kw>
<status status="PASS" starttime="20201208 17:13:34.127" endtime="20201208 17:13:38.250"></status>
</kw>
<kw name="Dado que estou na pagina home" library="home">
<kw name="Go To" library="SeleniumLibrary">
<doc>Navigates the current browser window to the provided ``url``.</doc>
<arguments>
<arg>${HOME_URL}</arg>
</arguments>
<msg timestamp="20201208 17:13:38.252" level="INFO">Opening url 'http://automationpractice.com/'</msg>
<status status="PASS" starttime="20201208 17:13:38.251" endtime="20201208 17:13:46.093"></status>
</kw>
<kw name="Set Selenium Implicit Wait" library="SeleniumLibrary">
<doc>Sets the implicit wait value used by Selenium.</doc>
<arguments>
<arg>5</arg>
</arguments>
<status status="PASS" starttime="20201208 17:13:46.093" endtime="20201208 17:13:46.096"></status>
</kw>
<kw name="Title Should Be" library="SeleniumLibrary">
<doc>Verifies that the current page title equals ``title``.</doc>
<arguments>
<arg>${HOME_TITLE_TEXT}</arg>
</arguments>
<msg timestamp="20201208 17:13:46.103" level="INFO">Page title is 'My Store'.</msg>
<status status="PASS" starttime="20201208 17:13:46.096" endtime="20201208 17:13:46.103"></status>
</kw>
<status status="PASS" starttime="20201208 17:13:38.251" endtime="20201208 17:13:46.104"></status>
</kw>
<kw name="Quando pesquiso por &quot;DRESS&quot;" library="home">
<kw name="Input Text" library="SeleniumLibrary">
<doc>Types the given ``text`` into the text field identified by ``locator``.</doc>
<arguments>
<arg>${HOME_SEARCH_BOX}</arg>
<arg>${HOME_PRODUTO}</arg>
</arguments>
<msg timestamp="20201208 17:13:46.105" level="INFO">Typing text 'DRESS' into text field 'xpath=//*[@id="search_query_top"]'.</msg>
<status status="PASS" starttime="20201208 17:13:46.105" endtime="20201208 17:13:46.243"></status>
</kw>
<kw name="Click Button" library="SeleniumLibrary">
<doc>Clicks the button identified by ``locator``.</doc>
<arguments>
<arg>${HOME_BUTOON_SEARCH}</arg>
</arguments>
<msg timestamp="20201208 17:13:46.244" level="INFO">Clicking button 'xpath=//*[@id="searchbox"]/button'.</msg>
<status status="PASS" starttime="20201208 17:13:46.243" endtime="20201208 17:13:48.739"></status>
</kw>
<kw name="Set Selenium Implicit Wait" library="SeleniumLibrary">
<doc>Sets the implicit wait value used by Selenium.</doc>
<arguments>
<arg>5</arg>
</arguments>
<status status="PASS" starttime="20201208 17:13:48.740" endtime="20201208 17:13:48.742"></status>
</kw>
<status status="PASS" starttime="20201208 17:13:46.104" endtime="20201208 17:13:48.742"></status>
</kw>
<kw name="Então a pagina de consulta é aberta com o resultado &quot;DRESS&quot;" library="home">
<kw name="Set Selenium Implicit Wait" library="SeleniumLibrary">
<doc>Sets the implicit wait value used by Selenium.</doc>
<arguments>
<arg>5</arg>
</arguments>
<status status="PASS" starttime="20201208 17:13:48.744" endtime="20201208 17:13:48.745"></status>
</kw>
<kw name="Element Should Contain" library="SeleniumLibrary">
<doc>Verifies that element ``locator`` contains text ``expected``.</doc>
<arguments>
<arg>${HOME_TEXT_CONSULTA}</arg>
<arg>${HOME_PRODUTO}</arg>
</arguments>
<msg timestamp="20201208 17:13:48.774" level="INFO">Element 'xpath=//*[@id="center_column"]/h1/span[1]' contains text 'DRESS'.</msg>
<status status="PASS" starttime="20201208 17:13:48.746" endtime="20201208 17:13:48.774"></status>
</kw>
<status status="PASS" starttime="20201208 17:13:48.743" endtime="20201208 17:13:48.774"></status>
</kw>
<kw name="Fechar navegador" library="resource" type="teardown">
<kw name="Capture Page Screenshot" library="SeleniumLibrary">
<doc>Takes a screenshot of the current page and embeds it into a log file.</doc>
<msg timestamp="20201208 17:13:49.060" level="INFO" html="yes">&lt;/td&gt;&lt;/tr&gt;&lt;tr&gt;&lt;td colspan="3"&gt;&lt;a href="selenium-screenshot-77.png"&gt;&lt;img src="selenium-screenshot-77.png" width="800px"&gt;&lt;/a&gt;</msg>
<status status="PASS" starttime="20201208 17:13:48.776" endtime="20201208 17:13:49.060"></status>
</kw>
<kw name="Close Browser" library="SeleniumLibrary">
<doc>Closes the current browser.</doc>
<status status="PASS" starttime="20201208 17:13:49.060" endtime="20201208 17:13:51.415"></status>
</kw>
<status status="PASS" starttime="20201208 17:13:48.775" endtime="20201208 17:13:51.416"></status>
</kw>
<status status="PASS" starttime="20201208 17:13:34.126" endtime="20201208 17:13:51.416" critical="yes"></status>
</test>
<test id="s1-s2-t2" name="Cenario 2:Consultar produto nao existente">
<kw name="Abrir navegador" library="resource" type="setup">
<kw name="Open Browser" library="SeleniumLibrary">
<doc>Opens a new browser instance to the optional ``url``.</doc>
<arguments>
<arg>url:</arg>
<arg>${BROWSER}</arg>
</arguments>
<msg timestamp="20201208 17:13:51.424" level="INFO">Opening browser 'chrome' to base url 'url:'.</msg>
<status status="PASS" starttime="20201208 17:13:51.423" endtime="20201208 17:13:55.300"></status>
</kw>
<status status="PASS" starttime="20201208 17:13:51.423" endtime="20201208 17:13:55.300"></status>
</kw>
<kw name="Dado que estou na pagina home" library="home">
<kw name="Go To" library="SeleniumLibrary">
<doc>Navigates the current browser window to the provided ``url``.</doc>
<arguments>
<arg>${HOME_URL}</arg>
</arguments>
<msg timestamp="20201208 17:13:55.303" level="INFO">Opening url 'http://automationpractice.com/'</msg>
<status status="PASS" starttime="20201208 17:13:55.302" endtime="20201208 17:14:05.235"></status>
</kw>
<kw name="Set Selenium Implicit Wait" library="SeleniumLibrary">
<doc>Sets the implicit wait value used by Selenium.</doc>
<arguments>
<arg>5</arg>
</arguments>
<status status="PASS" starttime="20201208 17:14:05.235" endtime="20201208 17:14:05.238"></status>
</kw>
<kw name="Title Should Be" library="SeleniumLibrary">
<doc>Verifies that the current page title equals ``title``.</doc>
<arguments>
<arg>${HOME_TITLE_TEXT}</arg>
</arguments>
<msg timestamp="20201208 17:14:05.244" level="INFO">Page title is 'My Store'.</msg>
<status status="PASS" starttime="20201208 17:14:05.238" endtime="20201208 17:14:05.244"></status>
</kw>
<status status="PASS" starttime="20201208 17:13:55.301" endtime="20201208 17:14:05.244"></status>
</kw>
<kw name="Quando pesquiso por &quot;nao existente&quot;" library="home">
<kw name="Input Text" library="SeleniumLibrary">
<doc>Types the given ``text`` into the text field identified by ``locator``.</doc>
<arguments>
<arg>${HOME_SEARCH_BOX}</arg>
<arg>${HOME_PRODUTO}</arg>
</arguments>
<msg timestamp="20201208 17:14:05.246" level="INFO">Typing text 'nao existente' into text field 'xpath=//*[@id="search_query_top"]'.</msg>
<status status="PASS" starttime="20201208 17:14:05.246" endtime="20201208 17:14:05.374"></status>
</kw>
<kw name="Click Button" library="SeleniumLibrary">
<doc>Clicks the button identified by ``locator``.</doc>
<arguments>
<arg>${HOME_BUTOON_SEARCH}</arg>
</arguments>
<msg timestamp="20201208 17:14:05.375" level="INFO">Clicking button 'xpath=//*[@id="searchbox"]/button'.</msg>
<status status="PASS" starttime="20201208 17:14:05.375" endtime="20201208 17:14:05.552"></status>
</kw>
<kw name="Set Selenium Implicit Wait" library="SeleniumLibrary">
<doc>Sets the implicit wait value used by Selenium.</doc>
<arguments>
<arg>5</arg>
</arguments>
<status status="PASS" starttime="20201208 17:14:05.553" endtime="20201208 17:14:05.556"></status>
</kw>
<status status="PASS" starttime="20201208 17:14:05.245" endtime="20201208 17:14:05.556"></status>
</kw>
<kw name="Então a pagina de consulta é aberta com o resultado &quot;0 results have been found.&quot;" library="home">
<kw name="Set Selenium Implicit Wait" library="SeleniumLibrary">
<doc>Sets the implicit wait value used by Selenium.</doc>
<arguments>
<arg>5</arg>
</arguments>
<status status="PASS" starttime="20201208 17:14:05.558" endtime="20201208 17:14:05.562"></status>
</kw>
<kw name="Element Should Contain" library="SeleniumLibrary">
<doc>Verifies that element ``locator`` contains text ``expected``.</doc>
<arguments>
<arg>${HOME_TEXT_CONSULTA}</arg>
<arg>${HOME_PRODUTO}</arg>
</arguments>
<msg timestamp="20201208 17:14:06.818" level="INFO">Element 'xpath=//*[@id="center_column"]/h1/span[1]' contains text '0 results have been found.'.</msg>
<status status="PASS" starttime="20201208 17:14:05.562" endtime="20201208 17:14:06.819"></status>
</kw>
<status status="PASS" starttime="20201208 17:14:05.557" endtime="20201208 17:14:06.819"></status>
</kw>
<kw name="Fechar navegador" library="resource" type="teardown">
<kw name="Capture Page Screenshot" library="SeleniumLibrary">
<doc>Takes a screenshot of the current page and embeds it into a log file.</doc>
<msg timestamp="20201208 17:14:07.107" level="INFO" html="yes">&lt;/td&gt;&lt;/tr&gt;&lt;tr&gt;&lt;td colspan="3"&gt;&lt;a href="selenium-screenshot-78.png"&gt;&lt;img src="selenium-screenshot-78.png" width="800px"&gt;&lt;/a&gt;</msg>
<status status="PASS" starttime="20201208 17:14:06.820" endtime="20201208 17:14:07.107"></status>
</kw>
<kw name="Close Browser" library="SeleniumLibrary">
<doc>Closes the current browser.</doc>
<status status="PASS" starttime="20201208 17:14:07.107" endtime="20201208 17:14:09.493"></status>
</kw>
<status status="PASS" starttime="20201208 17:14:06.820" endtime="20201208 17:14:09.493"></status>
</kw>
<status status="PASS" starttime="20201208 17:13:51.422" endtime="20201208 17:14:09.494" critical="yes"></status>
</test>
<test id="s1-s2-t3" name="Cenario 3:Adicionar produto carrinho">
<kw name="Abrir navegador" library="resource" type="setup">
<kw name="Open Browser" library="SeleniumLibrary">
<doc>Opens a new browser instance to the optional ``url``.</doc>
<arguments>
<arg>url:</arg>
<arg>${BROWSER}</arg>
</arguments>
<msg timestamp="20201208 17:14:09.501" level="INFO">Opening browser 'chrome' to base url 'url:'.</msg>
<status status="PASS" starttime="20201208 17:14:09.501" endtime="20201208 17:14:13.225"></status>
</kw>
<status status="PASS" starttime="20201208 17:14:09.501" endtime="20201208 17:14:13.225"></status>
</kw>
<kw name="Dado que estou na pagina home" library="home">
<kw name="Go To" library="SeleniumLibrary">
<doc>Navigates the current browser window to the provided ``url``.</doc>
<arguments>
<arg>${HOME_URL}</arg>
</arguments>
<msg timestamp="20201208 17:14:13.232" level="INFO">Opening url 'http://automationpractice.com/'</msg>
<status status="PASS" starttime="20201208 17:14:13.231" endtime="20201208 17:14:21.471"></status>
</kw>
<kw name="Set Selenium Implicit Wait" library="SeleniumLibrary">
<doc>Sets the implicit wait value used by Selenium.</doc>
<arguments>
<arg>5</arg>
</arguments>
<status status="PASS" starttime="20201208 17:14:21.472" endtime="20201208 17:14:21.475"></status>
</kw>
<kw name="Title Should Be" library="SeleniumLibrary">
<doc>Verifies that the current page title equals ``title``.</doc>
<arguments>
<arg>${HOME_TITLE_TEXT}</arg>
</arguments>
<msg timestamp="20201208 17:14:21.485" level="INFO">Page title is 'My Store'.</msg>
<status status="PASS" starttime="20201208 17:14:21.476" endtime="20201208 17:14:21.485"></status>
</kw>
<status status="PASS" starttime="20201208 17:14:13.230" endtime="20201208 17:14:21.486"></status>
</kw>
<kw name="Quando adiciono &quot;Dress&quot; no carrinho" library="home">
<kw name="Quando pesquiso por &quot;${HOME_PRODUTO}&quot;" library="home">
<kw name="Input Text" library="SeleniumLibrary">
<doc>Types the given ``text`` into the text field identified by ``locator``.</doc>
<arguments>
<arg>${HOME_SEARCH_BOX}</arg>
<arg>${HOME_PRODUTO}</arg>
</arguments>
<msg timestamp="20201208 17:14:21.490" level="INFO">Typing text 'Dress' into text field 'xpath=//*[@id="search_query_top"]'.</msg>
<status status="PASS" starttime="20201208 17:14:21.489" endtime="20201208 17:14:21.729"></status>
</kw>
<kw name="Click Button" library="SeleniumLibrary">
<doc>Clicks the button identified by ``locator``.</doc>
<arguments>
<arg>${HOME_BUTOON_SEARCH}</arg>
</arguments>
<msg timestamp="20201208 17:14:21.730" level="INFO">Clicking button 'xpath=//*[@id="searchbox"]/button'.</msg>
<status status="PASS" starttime="20201208 17:14:21.730" endtime="20201208 17:14:23.505"></status>
</kw>
<kw name="Set Selenium Implicit Wait" library="SeleniumLibrary">
<doc>Sets the implicit wait value used by Selenium.</doc>
<arguments>
<arg>5</arg>
</arguments>
<status status="PASS" starttime="20201208 17:14:23.505" endtime="20201208 17:14:23.508"></status>
</kw>
<status status="PASS" starttime="20201208 17:14:21.488" endtime="20201208 17:14:23.509"></status>
</kw>
<kw name="Set Selenium Implicit Wait" library="SeleniumLibrary">
<doc>Sets the implicit wait value used by Selenium.</doc>
<arguments>
<arg>5</arg>
</arguments>
<status status="PASS" starttime="20201208 17:14:23.509" endtime="20201208 17:14:23.511"></status>
</kw>
<kw name="Click Element" library="SeleniumLibrary">
<doc>Click the element identified by ``locator``.</doc>
<arguments>
<arg>${HOME_ADD_CARD}</arg>
</arguments>
<msg timestamp="20201208 17:14:23.512" level="INFO">Clicking element 'xpath=//*[@title="Add to cart"]'.</msg>
<status status="PASS" starttime="20201208 17:14:23.511" endtime="20201208 17:14:23.585"></status>
</kw>
<kw name="Set Selenium Implicit Wait" library="SeleniumLibrary">
<doc>Sets the implicit wait value used by Selenium.</doc>
<arguments>
<arg>2</arg>
</arguments>
<status status="PASS" starttime="20201208 17:14:23.585" endtime="20201208 17:14:23.589"></status>
</kw>
<status status="PASS" starttime="20201208 17:14:21.487" endtime="20201208 17:14:23.589"></status>
</kw>
<kw name="Então é apresentado o carrinho contendo &quot;Dress&quot;" library="carrinho">
<kw name="Element Should Contain" library="SeleniumLibrary">
<doc>Verifies that element ``locator`` contains text ``expected``.</doc>
<arguments>
<arg>${CARRINHO_FIELD}</arg>
<arg>${CARRINHO_TEXT}</arg>
</arguments>
<kw name="Capture Page Screenshot" library="SeleniumLibrary">
<doc>Takes a screenshot of the current page and embeds it into a log file.</doc>
<msg timestamp="20201208 17:14:23.974" level="INFO" html="yes">&lt;/td&gt;&lt;/tr&gt;&lt;tr&gt;&lt;td colspan="3"&gt;&lt;a href="selenium-screenshot-79.png"&gt;&lt;img src="selenium-screenshot-79.png" width="800px"&gt;&lt;/a&gt;</msg>
<status status="PASS" starttime="20201208 17:14:23.630" endtime="20201208 17:14:23.974"></status>
</kw>
<msg timestamp="20201208 17:14:23.988" level="FAIL">Element 'XPATH=//*[@id="layer_cart_product_title"]' should have contained text 'Dress' but its text was ''.</msg>
<status status="FAIL" starttime="20201208 17:14:23.591" endtime="20201208 17:14:23.988"></status>
</kw>
<status status="FAIL" starttime="20201208 17:14:23.590" endtime="20201208 17:14:23.989"></status>
</kw>
<kw name="Fechar navegador" library="resource" type="teardown">
<kw name="Capture Page Screenshot" library="SeleniumLibrary">
<doc>Takes a screenshot of the current page and embeds it into a log file.</doc>
<msg timestamp="20201208 17:14:24.298" level="INFO" html="yes">&lt;/td&gt;&lt;/tr&gt;&lt;tr&gt;&lt;td colspan="3"&gt;&lt;a href="selenium-screenshot-80.png"&gt;&lt;img src="selenium-screenshot-80.png" width="800px"&gt;&lt;/a&gt;</msg>
<status status="PASS" starttime="20201208 17:14:23.990" endtime="20201208 17:14:24.298"></status>
</kw>
<kw name="Close Browser" library="SeleniumLibrary">
<doc>Closes the current browser.</doc>
<status status="PASS" starttime="20201208 17:14:24.299" endtime="20201208 17:14:26.822"></status>
</kw>
<status status="PASS" starttime="20201208 17:14:23.989" endtime="20201208 17:14:26.823"></status>
</kw>
<status status="FAIL" starttime="20201208 17:14:09.500" endtime="20201208 17:14:26.823" critical="yes">Element 'XPATH=//*[@id="layer_cart_product_title"]' should have contained text 'Dress' but its text was ''.</status>
</test>
<status status="FAIL" starttime="20201208 17:13:34.094" endtime="20201208 17:14:26.830"></status>
</suite>
<suite id="s1-s3" name="ContactUs" source="D:\PageObjectExample\Test\Funcional\test-case\ContactUs.robot">
<kw name="Abrir navegador" library="resource" type="setup">
<kw name="Open Browser" library="SeleniumLibrary">
<doc>Opens a new browser instance to the optional ``url``.</doc>
<arguments>
<arg>url:</arg>
<arg>${BROWSER}</arg>
</arguments>
<msg timestamp="20201208 17:14:26.864" level="INFO">Opening browser 'chrome' to base url 'url:'.</msg>
<status status="PASS" starttime="20201208 17:14:26.864" endtime="20201208 17:14:30.969"></status>
</kw>
<status status="PASS" starttime="20201208 17:14:26.863" endtime="20201208 17:14:30.969"></status>
</kw>
<test id="s1-s3-t1" name="Cenario 1: Acessar a tela contactUs">
<kw name="Dado que estou na pagina home" library="home">
<kw name="Go To" library="SeleniumLibrary">
<doc>Navigates the current browser window to the provided ``url``.</doc>
<arguments>
<arg>${HOME_URL}</arg>
</arguments>
<msg timestamp="20201208 17:14:30.972" level="INFO">Opening url 'http://automationpractice.com/'</msg>
<status status="PASS" starttime="20201208 17:14:30.971" endtime="20201208 17:15:04.102"></status>
</kw>
<kw name="Set Selenium Implicit Wait" library="SeleniumLibrary">
<doc>Sets the implicit wait value used by Selenium.</doc>
<arguments>
<arg>5</arg>
</arguments>
<status status="PASS" starttime="20201208 17:15:04.103" endtime="20201208 17:15:04.106"></status>
</kw>
<kw name="Title Should Be" library="SeleniumLibrary">
<doc>Verifies that the current page title equals ``title``.</doc>
<arguments>
<arg>${HOME_TITLE_TEXT}</arg>
</arguments>
<msg timestamp="20201208 17:15:04.114" level="INFO">Page title is 'My Store'.</msg>
<status status="PASS" starttime="20201208 17:15:04.106" endtime="20201208 17:15:04.114"></status>
</kw>
<status status="PASS" starttime="20201208 17:14:30.971" endtime="20201208 17:15:04.115"></status>
</kw>
<kw name="Quando eu clico no botão contact us" library="home">
<kw name="Click Element" library="SeleniumLibrary">
<doc>Click the element identified by ``locator``.</doc>
<arguments>
<arg>${HOME_LINK_CONTACTUS}</arg>
</arguments>
<msg timestamp="20201208 17:15:04.117" level="INFO">Clicking element 'xpath=//*[@title="Contact Us"]'.</msg>
<status status="PASS" starttime="20201208 17:15:04.117" endtime="20201208 17:15:07.467"></status>
</kw>
<status status="PASS" starttime="20201208 17:15:04.116" endtime="20201208 17:15:07.467"></status>
</kw>
<kw name="Então é exibida a pagina contact us com a mensagem &quot;CUSTOMER SERVICE - CONTACT US&quot;" library="contactUs">
<kw name="Set Suite Variable" library="BuiltIn">
<doc>Makes a variable available everywhere within the scope of the current suite.</doc>
<arguments>
<arg>${mensagem}</arg>
</arguments>
<msg timestamp="20201208 17:15:07.469" level="INFO">${mensagem} = CUSTOMER SERVICE - CONTACT US</msg>
<status status="PASS" starttime="20201208 17:15:07.469" endtime="20201208 17:15:07.469"></status>
</kw>
<kw name="Element Text Should Be" library="SeleniumLibrary">
<doc>Verifies that element ``locator`` contains exact the text ``expected``.</doc>
<arguments>
<arg>${CONTACTUS_TEXT_TITULO}</arg>
<arg>${mensagem}</arg>
</arguments>
<msg timestamp="20201208 17:15:07.470" level="INFO">Verifying element 'xpath=//*[@id="center_column"]/h1' contains exact text 'CUSTOMER SERVICE - CONTACT US'.</msg>
<status status="PASS" starttime="20201208 17:15:07.470" endtime="20201208 17:15:07.504"></status>
</kw>
<status status="PASS" starttime="20201208 17:15:07.468" endtime="20201208 17:15:07.505"></status>
</kw>
<status status="PASS" starttime="20201208 17:14:30.970" endtime="20201208 17:15:07.506" critical="yes"></status>
</test>
<test id="s1-s3-t2" name="Cenario 2: Enviar uma mensagem na tela contact us">
<kw name="Dado que estou na tela de contact us" library="contactUs">
<kw name="Dado que estou na pagina home" library="home">
<kw name="Go To" library="SeleniumLibrary">
<doc>Navigates the current browser window to the provided ``url``.</doc>
<arguments>
<arg>${HOME_URL}</arg>
</arguments>
<msg timestamp="20201208 17:15:07.513" level="INFO">Opening url 'http://automationpractice.com/'</msg>
<status status="PASS" starttime="20201208 17:15:07.512" endtime="20201208 17:15:10.030"></status>
</kw>
<kw name="Set Selenium Implicit Wait" library="SeleniumLibrary">
<doc>Sets the implicit wait value used by Selenium.</doc>
<arguments>
<arg>5</arg>
</arguments>
<status status="PASS" starttime="20201208 17:15:10.030" endtime="20201208 17:15:10.033"></status>
</kw>
<kw name="Title Should Be" library="SeleniumLibrary">
<doc>Verifies that the current page title equals ``title``.</doc>
<arguments>
<arg>${HOME_TITLE_TEXT}</arg>
</arguments>
<msg timestamp="20201208 17:15:10.054" level="INFO">Page title is 'My Store'.</msg>
<status status="PASS" starttime="20201208 17:15:10.033" endtime="20201208 17:15:10.054"></status>
</kw>
<status status="PASS" starttime="20201208 17:15:07.512" endtime="20201208 17:15:10.054"></status>
</kw>
<kw name="Quando eu clico no botão contact us" library="home">
<kw name="Click Element" library="SeleniumLibrary">
<doc>Click the element identified by ``locator``.</doc>
<arguments>
<arg>${HOME_LINK_CONTACTUS}</arg>
</arguments>
<msg timestamp="20201208 17:15:10.056" level="INFO">Clicking element 'xpath=//*[@title="Contact Us"]'.</msg>
<status status="PASS" starttime="20201208 17:15:10.056" endtime="20201208 17:15:11.021"></status>
</kw>
<status status="PASS" starttime="20201208 17:15:10.055" endtime="20201208 17:15:11.021"></status>
</kw>
<kw name="Então é exibida a pagina contact us com a mensagem &quot;${mensagem}&quot;" library="contactUs">
<kw name="Set Suite Variable" library="BuiltIn">
<doc>Makes a variable available everywhere within the scope of the current suite.</doc>
<arguments>
<arg>${mensagem}</arg>
</arguments>
<msg timestamp="20201208 17:15:11.021" level="INFO">${mensagem} = CUSTOMER SERVICE - CONTACT US</msg>
<status status="PASS" starttime="20201208 17:15:11.021" endtime="20201208 17:15:11.022"></status>
</kw>
<kw name="Element Text Should Be" library="SeleniumLibrary">
<doc>Verifies that element ``locator`` contains exact the text ``expected``.</doc>
<arguments>
<arg>${CONTACTUS_TEXT_TITULO}</arg>
<arg>${mensagem}</arg>
</arguments>
<msg timestamp="20201208 17:15:11.022" level="INFO">Verifying element 'xpath=//*[@id="center_column"]/h1' contains exact text 'CUSTOMER SERVICE - CONTACT US'.</msg>
<status status="PASS" starttime="20201208 17:15:11.022" endtime="20201208 17:15:11.043"></status>
</kw>
<status status="PASS" starttime="20201208 17:15:11.021" endtime="20201208 17:15:11.044"></status>
</kw>
<status status="PASS" starttime="20201208 17:15:07.511" endtime="20201208 17:15:11.044"></status>
</kw>
<kw name="Quando enviar uma mensagem &quot;Pedido realizado com sucesso&quot;" library="contactUs">
<kw name="Select From List By Value" library="SeleniumLibrary">
<doc>Selects options from selection list ``locator`` by ``values``.</doc>
<arguments>
<arg>${CONTACTUS_COMBO_SUBJECT}</arg>
<arg>2</arg>
</arguments>
<msg timestamp="20201208 17:15:11.046" level="INFO">Selecting options from selection list 'xpath=//*[@id="id_contact"]' by value 2.</msg>
<status status="PASS" starttime="20201208 17:15:11.045" endtime="20201208 17:15:11.132"></status>
</kw>
<kw name="Input Text" library="SeleniumLibrary">
<doc>Types the given ``text`` into the text field identified by ``locator``.</doc>
<arguments>
<arg>${CONTACTUS_TEXT_EMAIL}</arg>
<arg>Vanderlan@test.com.br</arg>
</arguments>
<msg timestamp="20201208 17:15:11.133" level="INFO">Typing text 'Vanderlan@test.com.br' into text field 'xpath=//*[@id="email"]'.</msg>
<status status="PASS" starttime="20201208 17:15:11.133" endtime="20201208 17:15:11.256"></status>
</kw>
<kw name="Input Text" library="SeleniumLibrary">
<doc>Types the given ``text`` into the text field identified by ``locator``.</doc>
<arguments>
<arg>${CONTACTUS_TEXT_ORDEM}</arg>
<arg>4545</arg>
</arguments>
<msg timestamp="20201208 17:15:11.256" level="INFO">Typing text '4545' into text field 'xpath=//*[@id="id_order"]'.</msg>
<status status="PASS" starttime="20201208 17:15:11.256" endtime="20201208 17:15:11.367"></status>
</kw>
<kw name="Input Text" library="SeleniumLibrary">
<doc>Types the given ``text`` into the text field identified by ``locator``.</doc>
<arguments>
<arg>${CONTACTUS_TEXT_MESSAGE}</arg>
<arg>${messagem}</arg>
</arguments>
<msg timestamp="20201208 17:15:11.368" level="INFO">Typing text 'Pedido realizado com sucesso' into text field 'xpath=//*[@id="message"]'.</msg>
<status status="PASS" starttime="20201208 17:15:11.367" endtime="20201208 17:15:11.491"></status>
</kw>
<kw name="Click Element" library="SeleniumLibrary">
<doc>Click the element identified by ``locator``.</doc>
<arguments>
<arg>${CONTACTUS_BUTTTON_SEND}</arg>
</arguments>
<msg timestamp="20201208 17:15:11.491" level="INFO">Clicking element 'xpath=//*[@name="submitMessage"]'.</msg>
<status status="PASS" starttime="20201208 17:15:11.491" endtime="20201208 17:15:12.538"></status>
</kw>
<status status="PASS" starttime="20201208 17:15:11.045" endtime="20201208 17:15:12.539"></status>
</kw>
<kw name="Então é exibida a mensagem &quot;Your message has been successfully sent to our team.&quot;" library="contactUs">
<kw name="Wait Until Element Is Visible" library="SeleniumLibrary">
<doc>Waits until the element ``locator`` is visible.</doc>
<arguments>
<arg>${CONTACTUS_ALERTA_SUCESSO}</arg>
</arguments>
<status status="PASS" starttime="20201208 17:15:12.540" endtime="20201208 17:15:12.570"></status>
</kw>
<kw name="Element Text Should Be" library="SeleniumLibrary">
<doc>Verifies that element ``locator`` contains exact the text ``expected``.</doc>
<arguments>
<arg>${CONTACTUS_ALERTA_SUCESSO}</arg>
<arg>${mensagemSucesso}</arg>
<arg>False</arg>
</arguments>
<msg timestamp="20201208 17:15:12.570" level="INFO">Verifying element 'xpath=//*[@class="alert alert-success"]' contains exact text 'Your message has been successfully sent to our team.'.</msg>
<status status="PASS" starttime="20201208 17:15:12.570" endtime="20201208 17:15:12.593"></status>
</kw>
<status status="PASS" starttime="20201208 17:15:12.540" endtime="20201208 17:15:12.593"></status>
</kw>
<status status="PASS" starttime="20201208 17:15:07.510" endtime="20201208 17:15:12.594" critical="yes"></status>
</test>
<kw name="Fechar navegador" library="resource" type="teardown">
<kw name="Capture Page Screenshot" library="SeleniumLibrary">
<doc>Takes a screenshot of the current page and embeds it into a log file.</doc>
<msg timestamp="20201208 17:15:12.887" level="INFO" html="yes">&lt;/td&gt;&lt;/tr&gt;&lt;tr&gt;&lt;td colspan="3"&gt;&lt;a href="selenium-screenshot-81.png"&gt;&lt;img src="selenium-screenshot-81.png" width="800px"&gt;&lt;/a&gt;</msg>
<status status="PASS" starttime="20201208 17:15:12.597" endtime="20201208 17:15:12.887"></status>
</kw>
<kw name="Close Browser" library="SeleniumLibrary">
<doc>Closes the current browser.</doc>
<status status="PASS" starttime="20201208 17:15:12.887" endtime="20201208 17:15:15.265"></status>
</kw>
<status status="PASS" starttime="20201208 17:15:12.597" endtime="20201208 17:15:15.265"></status>
</kw>
<status status="PASS" starttime="20201208 17:14:26.834" endtime="20201208 17:15:15.265"></status>
</suite>
<status status="FAIL" starttime="20201208 17:12:23.583" endtime="20201208 17:15:15.272"></status>
</suite>
<statistics>
<total>
<stat pass="7" fail="1">Critical Tests</stat>
<stat pass="7" fail="1">All Tests</stat>
</total>
<tag>
</tag>
<suite>
<stat pass="7" fail="1" id="s1" name="Test-Case">Test-Case</stat>
<stat pass="3" fail="0" id="s1-s1" name="Cadastro usuario">Test-Case.Cadastro usuario</stat>
<stat pass="2" fail="1" id="s1-s2" name="Consultar produto">Test-Case.Consultar produto</stat>
<stat pass="2" fail="0" id="s1-s3" name="ContactUs">Test-Case.ContactUs</stat>
</suite>
</statistics>
<errors>
</errors>
</robot>
